#
# There is insufficient memory for the Java Runtime Environment to continue.
# Native memory allocation (malloc) failed to allocate 1099136 bytes for Chunk::new
# Possible reasons:
#   The system is out of physical RAM or swap space
#   The process is running with CompressedOops enabled, and the Java Heap may be blocking the growth of the native heap
# Possible solutions:
#   Reduce memory load on the system
#   Increase physical memory or swap space
#   Check if swap backing store is full
#   Decrease Java heap size (-Xmx/-Xms)
#   Decrease number of Java threads
#   Decrease Java thread stack sizes (-Xss)
#   Set larger code cache with -XX:ReservedCodeCacheSize=
#   JVM is running with Unscaled Compressed Oops mode in which the Java heap is
#     placed in the first 4GB address space. The Java Heap base address is the
#     maximum limit for the native heap growth. Please use -XX:HeapBaseMinAddress
#     to set the Java Heap base and to place the Java Heap above 4GB virtual address.
# This output file may be truncated or incomplete.
#
#  Out of Memory Error (arena.cpp:189), pid=3080, tid=18620
#
# JRE version: OpenJDK Runtime Environment (17.0.6) (build 17.0.6+0-b2043.56-9586694)
# Java VM: OpenJDK 64-Bit Server VM (17.0.6+0-b2043.56-9586694, mixed mode, tiered, compressed oops, compressed class ptrs, g1 gc, windows-amd64)
# No core dump will be written. Minidumps are not enabled by default on client versions of Windows
#

---------------  S U M M A R Y ------------

Command Line: --add-opens=java.base/java.util=ALL-UNNAMED --add-opens=java.base/java.lang=ALL-UNNAMED --add-opens=java.base/java.lang.invoke=ALL-UNNAMED --add-opens=java.prefs/java.util.prefs=ALL-UNNAMED --add-opens=java.base/java.nio.charset=ALL-UNNAMED --add-opens=java.base/java.net=ALL-UNNAMED --add-opens=java.base/java.util.concurrent.atomic=ALL-UNNAMED -Xmx2048m -Dfile.encoding=UTF-8 -Duser.country=RU -Duser.language=ru -Duser.variant org.gradle.launcher.daemon.bootstrap.GradleDaemon 8.0

Host: Intel(R) Core(TM) i3-10110U CPU @ 2.10GHz, 4 cores, 7G,  Windows 10 , 64 bit Build 19041 (10.0.19041.3031)
Time: Tue Jun 27 15:05:36 2023  Windows 10 , 64 bit Build 19041 (10.0.19041.3031) elapsed time: 2564.502201 seconds (0d 0h 42m 44s)

---------------  T H R E A D  ---------------

Current thread (0x0000013b2bc098a0):  JavaThread "C2 CompilerThread0" daemon [_thread_in_native, id=18620, stack(0x00000002e1f00000,0x00000002e2000000)]


Current CompileTask:
C2:2564502 22270       4       com.android.ide.common.symbols.SymbolIo::readSymbolListWithPackageLine (211 bytes)

Stack: [0x00000002e1f00000,0x00000002e2000000]
Native frames: (J=compiled Java code, j=interpreted, Vv=VM code, C=native code)
V  [jvm.dll+0x683b4a]
V  [jvm.dll+0x842654]
V  [jvm.dll+0x843dfe]
V  [jvm.dll+0x844463]
V  [jvm.dll+0x249b75]
V  [jvm.dll+0xabcac]
V  [jvm.dll+0xac27c]
V  [jvm.dll+0x368857]
V  [jvm.dll+0x332f31]
V  [jvm.dll+0x3323da]
V  [jvm.dll+0x21c201]
V  [jvm.dll+0x21b621]
V  [jvm.dll+0x1a4fdd]
V  [jvm.dll+0x22b098]
V  [jvm.dll+0x229159]
V  [jvm.dll+0x7f809c]
V  [jvm.dll+0x7f25fa]
V  [jvm.dll+0x682985]
C  [ucrtbase.dll+0x21bb2]
C  [KERNEL32.DLL+0x17614]
C  [ntdll.dll+0x526f1]


---------------  P R O C E S S  ---------------

Threads class SMR info:
_java_thread_list=0x0000013b389fdd90, length=98, elements={
0x0000013b0fc1a730, 0x0000013b2b13a970, 0x0000013b2b13cea0, 0x0000013b2b15d430,
0x0000013b2b15def0, 0x0000013b2b1607c0, 0x0000013b2bc08c00, 0x0000013b2bc098a0,
0x0000013b2bc0a250, 0x0000013b2bc0db10, 0x0000013b2bdc29b0, 0x0000013b2bdc7cc0,
0x0000013b2ce49450, 0x0000013b2d367aa0, 0x0000013b2c8f2080, 0x0000013b2bcd6f60,
0x0000013b2bcd8770, 0x0000013b2bcd9110, 0x0000013b2bcd8c40, 0x0000013b2bcd7900,
0x0000013b2bcd9f80, 0x0000013b2e4ac820, 0x0000013b2e4a7ff0, 0x0000013b2e4a67e0,
0x0000013b2e4ab010, 0x0000013b2e4aa670, 0x0000013b305f1cd0, 0x0000013b305f1330,
0x0000013b305f21a0, 0x0000013b300073f0, 0x0000013b388f2880, 0x0000013b300090d0,
0x0000013b30004d70, 0x0000013b3000a8e0, 0x0000013b33b90d30, 0x0000013b33b91200,
0x0000013b33b916d0, 0x0000013b394fd590, 0x0000013b394fda60, 0x0000013b394fcbf0,
0x0000013b394fc250, 0x0000013b30005be0, 0x0000013b30003090, 0x0000013b388f3220,
0x0000013b388f4090, 0x0000013b388f2d50, 0x0000013b2c97d060, 0x0000013b2c97d530,
0x0000013b2c97da00, 0x0000013b2c97ed40, 0x0000013b2c97ded0, 0x0000013b2c97e3a0,
0x0000013b30005240, 0x0000013b2c97e870, 0x0000013b2c980550, 0x0000013b2c980a20,
0x0000013b2c980080, 0x0000013b389ff540, 0x0000013b38a003b0, 0x0000013b389ffa10,
0x0000013b2c97f210, 0x0000013b2c97f6e0, 0x0000013b38a00880, 0x0000013b300095a0,
0x0000013b300078c0, 0x0000013b30006580, 0x0000013b30006f20, 0x0000013b300043d0,
0x0000013b30003560, 0x0000013b30005710, 0x0000013b30008c00, 0x0000013b30007d90,
0x0000013b30008260, 0x0000013b30008730, 0x0000013b30009a70, 0x0000013b30009f40,
0x0000013b34e44300, 0x0000013b34e42150, 0x0000013b34e43490, 0x0000013b34e447d0,
0x0000013b34e43e30, 0x0000013b34e45fe0, 0x0000013b34e412e0, 0x0000013b389ffee0,
0x0000013b389ff070, 0x0000013b34e46980, 0x0000013b34e42620, 0x0000013b2c97fbb0,
0x0000013b39410730, 0x0000013b3940f3f0, 0x0000013b3940f8c0, 0x0000013b3940ea50,
0x0000013b34e47cc0, 0x0000013b34e46e50, 0x0000013b36b1ea20, 0x0000013b34e47320,
0x0000013b34e477f0, 0x0000013b34e40940
}

Java Threads: ( => current thread )
  0x0000013b0fc1a730 JavaThread "main" [_thread_blocked, id=14148, stack(0x00000002e1200000,0x00000002e1300000)]
  0x0000013b2b13a970 JavaThread "Reference Handler" daemon [_thread_blocked, id=3508, stack(0x00000002e1900000,0x00000002e1a00000)]
  0x0000013b2b13cea0 JavaThread "Finalizer" daemon [_thread_blocked, id=20052, stack(0x00000002e1a00000,0x00000002e1b00000)]
  0x0000013b2b15d430 JavaThread "Signal Dispatcher" daemon [_thread_blocked, id=19776, stack(0x00000002e1b00000,0x00000002e1c00000)]
  0x0000013b2b15def0 JavaThread "Attach Listener" daemon [_thread_blocked, id=5144, stack(0x00000002e1c00000,0x00000002e1d00000)]
  0x0000013b2b1607c0 JavaThread "Service Thread" daemon [_thread_blocked, id=4232, stack(0x00000002e1d00000,0x00000002e1e00000)]
  0x0000013b2bc08c00 JavaThread "Monitor Deflation Thread" daemon [_thread_blocked, id=15236, stack(0x00000002e1e00000,0x00000002e1f00000)]
=>0x0000013b2bc098a0 JavaThread "C2 CompilerThread0" daemon [_thread_in_native, id=18620, stack(0x00000002e1f00000,0x00000002e2000000)]
  0x0000013b2bc0a250 JavaThread "C1 CompilerThread0" daemon [_thread_blocked, id=7456, stack(0x00000002e2000000,0x00000002e2100000)]
  0x0000013b2bc0db10 JavaThread "Sweeper thread" daemon [_thread_blocked, id=19988, stack(0x00000002e2100000,0x00000002e2200000)]
  0x0000013b2bdc29b0 JavaThread "Common-Cleaner" daemon [_thread_blocked, id=6264, stack(0x00000002e2200000,0x00000002e2300000)]
  0x0000013b2bdc7cc0 JavaThread "Notification Thread" daemon [_thread_blocked, id=9340, stack(0x00000002e2300000,0x00000002e2400000)]
  0x0000013b2ce49450 JavaThread "Daemon health stats" [_thread_blocked, id=12404, stack(0x00000002e2800000,0x00000002e2900000)]
  0x0000013b2d367aa0 JavaThread "Incoming local TCP Connector on port 60684" [_thread_in_native, id=19884, stack(0x00000002e2900000,0x00000002e2a00000)]
  0x0000013b2c8f2080 JavaThread "Daemon periodic checks" [_thread_blocked, id=12176, stack(0x00000002e2a00000,0x00000002e2b00000)]
  0x0000013b2bcd6f60 JavaThread "Cache worker for journal cache (C:\Users\1\.gradle\caches\journal-1)" [_thread_blocked, id=15052, stack(0x00000002e3200000,0x00000002e3300000)]
  0x0000013b2bcd8770 JavaThread "File lock request listener" [_thread_in_native, id=18560, stack(0x00000002e3300000,0x00000002e3400000)]
  0x0000013b2bcd9110 JavaThread "Cache worker for file hash cache (C:\Users\1\.gradle\caches\8.0\fileHashes)" [_thread_blocked, id=7264, stack(0x00000002e3400000,0x00000002e3500000)]
  0x0000013b2bcd8c40 JavaThread "File watcher server" daemon [_thread_in_native, id=3700, stack(0x00000002e3500000,0x00000002e3600000)]
  0x0000013b2bcd7900 JavaThread "File watcher consumer" daemon [_thread_in_Java, id=11196, stack(0x00000002e3600000,0x00000002e3700000)]
  0x0000013b2bcd9f80 JavaThread "Cache worker for file content cache (C:\Users\1\.gradle\caches\8.0\fileContent)" [_thread_blocked, id=7776, stack(0x00000002e3900000,0x00000002e3a00000)]
  0x0000013b2e4ac820 JavaThread "Cache worker for execution history cache (C:\Users\1\.gradle\caches\8.0\executionHistory)" [_thread_blocked, id=20324, stack(0x00000002e3c00000,0x00000002e3d00000)]
  0x0000013b2e4a7ff0 JavaThread "jar transforms" [_thread_blocked, id=13008, stack(0x00000002e3d00000,0x00000002e3e00000)]
  0x0000013b2e4a67e0 JavaThread "jar transforms Thread 2" [_thread_blocked, id=15760, stack(0x00000002e3e00000,0x00000002e3f00000)]
  0x0000013b2e4ab010 JavaThread "jar transforms Thread 3" [_thread_blocked, id=15976, stack(0x00000002e3f00000,0x00000002e4000000)]
  0x0000013b2e4aa670 JavaThread "jar transforms Thread 4" [_thread_blocked, id=15772, stack(0x00000002e4000000,0x00000002e4100000)]
  0x0000013b305f1cd0 JavaThread "Memory manager" [_thread_blocked, id=16668, stack(0x00000002e6f00000,0x00000002e7000000)]
  0x0000013b305f1330 JavaThread "pool-3-thread-1" [_thread_blocked, id=17828, stack(0x00000002e7000000,0x00000002e7100000)]
  0x0000013b305f21a0 JavaThread "Cache worker for Java compile cache (C:\Users\1\.gradle\caches\8.0\javaCompile)" [_thread_blocked, id=17272, stack(0x00000002e7700000,0x00000002e7800000)]
  0x0000013b300073f0 JavaThread "pool-6-thread-1" [_thread_blocked, id=8844, stack(0x00000002e6a00000,0x00000002e6b00000)]
  0x0000013b388f2880 JavaThread "Daemon Thread 3" [_thread_blocked, id=19172, stack(0x00000002e0f00000,0x00000002e1000000)]
  0x0000013b300090d0 JavaThread "Handler for socket connection from /127.0.0.1:60684 to /127.0.0.1:61812" [_thread_in_native, id=10276, stack(0x00000002e1000000,0x00000002e1100000)]
  0x0000013b30004d70 JavaThread "Cancel handler" [_thread_blocked, id=5828, stack(0x00000002e1100000,0x00000002e1200000)]
  0x0000013b3000a8e0 JavaThread "Daemon worker Thread 3" [_thread_blocked, id=9896, stack(0x00000002e2b00000,0x00000002e2c00000)]
  0x0000013b33b90d30 JavaThread "Asynchronous log dispatcher for DefaultDaemonConnection: socket connection from /127.0.0.1:60684 to /127.0.0.1:61812" [_thread_blocked, id=19572, stack(0x00000002e2c00000,0x00000002e2d00000)]
  0x0000013b33b91200 JavaThread "Stdin handler" [_thread_blocked, id=18616, stack(0x00000002e2d00000,0x00000002e2e00000)]
  0x0000013b33b916d0 JavaThread "Daemon client event forwarder" [_thread_blocked, id=11044, stack(0x00000002e2e00000,0x00000002e2f00000)]
  0x0000013b394fd590 JavaThread "Cache worker for checksums cache (C:\Users\1\praktika\.gradle\8.0\checksums)" [_thread_blocked, id=9288, stack(0x00000002e3000000,0x00000002e3100000)]
  0x0000013b394fda60 JavaThread "Cache worker for cache directory md-rule (C:\Users\1\.gradle\caches\8.0\md-rule)" [_thread_blocked, id=10716, stack(0x00000002e3100000,0x00000002e3200000)]
  0x0000013b394fcbf0 JavaThread "Cache worker for file hash cache (C:\Users\1\praktika\.gradle\8.0\fileHashes)" [_thread_blocked, id=15568, stack(0x00000002e3700000,0x00000002e3800000)]
  0x0000013b394fc250 JavaThread "Cache worker for cache directory md-supplier (C:\Users\1\.gradle\caches\8.0\md-supplier)" [_thread_blocked, id=20096, stack(0x00000002e3800000,0x00000002e3900000)]
  0x0000013b30005be0 JavaThread "Cache worker for dependencies-accessors (C:\Users\1\praktika\.gradle\8.0\dependencies-accessors)" [_thread_blocked, id=12476, stack(0x00000002e2f00000,0x00000002e3000000)]
  0x0000013b30003090 JavaThread "Cache worker for Build Output Cleanup Cache (C:\Users\1\praktika\.gradle\buildOutputCleanup)" [_thread_blocked, id=14040, stack(0x00000002e3a00000,0x00000002e3b00000)]
  0x0000013b388f3220 JavaThread "Unconstrained build operations" [_thread_blocked, id=19568, stack(0x00000002e3b00000,0x00000002e3c00000)]
  0x0000013b388f4090 JavaThread "Unconstrained build operations Thread 2" [_thread_blocked, id=3408, stack(0x00000002e4100000,0x00000002e4200000)]
  0x0000013b388f2d50 JavaThread "Unconstrained build operations Thread 3" [_thread_blocked, id=20088, stack(0x00000002e4200000,0x00000002e4300000)]
  0x0000013b2c97d060 JavaThread "Unconstrained build operations Thread 4" [_thread_blocked, id=9784, stack(0x00000002e4300000,0x00000002e4400000)]
  0x0000013b2c97d530 JavaThread "Unconstrained build operations Thread 5" [_thread_blocked, id=19472, stack(0x00000002e4400000,0x00000002e4500000)]
  0x0000013b2c97da00 JavaThread "Unconstrained build operations Thread 6" [_thread_blocked, id=19612, stack(0x00000002e4500000,0x00000002e4600000)]
  0x0000013b2c97ed40 JavaThread "Unconstrained build operations Thread 7" [_thread_blocked, id=7020, stack(0x00000002e4600000,0x00000002e4700000)]
  0x0000013b2c97ded0 JavaThread "Unconstrained build operations Thread 8" [_thread_blocked, id=3576, stack(0x00000002e4700000,0x00000002e4800000)]
  0x0000013b2c97e3a0 JavaThread "Unconstrained build operations Thread 9" [_thread_blocked, id=19984, stack(0x00000002e4800000,0x00000002e4900000)]
  0x0000013b30005240 JavaThread "Unconstrained build operations Thread 10" [_thread_blocked, id=16828, stack(0x00000002e4900000,0x00000002e4a00000)]
  0x0000013b2c97e870 JavaThread "Unconstrained build operations Thread 11" [_thread_blocked, id=16164, stack(0x00000002e4a00000,0x00000002e4b00000)]
  0x0000013b2c980550 JavaThread "Unconstrained build operations Thread 12" [_thread_blocked, id=8628, stack(0x00000002e4b00000,0x00000002e4c00000)]
  0x0000013b2c980a20 JavaThread "Unconstrained build operations Thread 13" [_thread_blocked, id=15464, stack(0x00000002e4c00000,0x00000002e4d00000)]
  0x0000013b2c980080 JavaThread "Unconstrained build operations Thread 14" [_thread_blocked, id=256, stack(0x00000002e4d00000,0x00000002e4e00000)]
  0x0000013b389ff540 JavaThread "Unconstrained build operations Thread 15" [_thread_blocked, id=19476, stack(0x00000002e4e00000,0x00000002e4f00000)]
  0x0000013b38a003b0 JavaThread "Unconstrained build operations Thread 16" [_thread_blocked, id=19828, stack(0x00000002e4f00000,0x00000002e5000000)]
  0x0000013b389ffa10 JavaThread "Unconstrained build operations Thread 17" [_thread_blocked, id=20376, stack(0x00000002e5000000,0x00000002e5100000)]
  0x0000013b2c97f210 JavaThread "Unconstrained build operations Thread 18" [_thread_blocked, id=16752, stack(0x00000002e5100000,0x00000002e5200000)]
  0x0000013b2c97f6e0 JavaThread "Unconstrained build operations Thread 19" [_thread_blocked, id=11348, stack(0x00000002e5200000,0x00000002e5300000)]
  0x0000013b38a00880 JavaThread "Unconstrained build operations Thread 20" [_thread_blocked, id=19288, stack(0x00000002e5300000,0x00000002e5400000)]
  0x0000013b300095a0 JavaThread "Unconstrained build operations Thread 21" [_thread_blocked, id=5600, stack(0x00000002e5400000,0x00000002e5500000)]
  0x0000013b300078c0 JavaThread "Unconstrained build operations Thread 22" [_thread_blocked, id=2036, stack(0x00000002e5500000,0x00000002e5600000)]
  0x0000013b30006580 JavaThread "Unconstrained build operations Thread 23" [_thread_blocked, id=16168, stack(0x00000002e5600000,0x00000002e5700000)]
  0x0000013b30006f20 JavaThread "Unconstrained build operations Thread 24" [_thread_blocked, id=17260, stack(0x00000002e5700000,0x00000002e5800000)]
  0x0000013b300043d0 JavaThread "Unconstrained build operations Thread 25" [_thread_blocked, id=12808, stack(0x00000002e5800000,0x00000002e5900000)]
  0x0000013b30003560 JavaThread "Unconstrained build operations Thread 26" [_thread_blocked, id=14432, stack(0x00000002e5900000,0x00000002e5a00000)]
  0x0000013b30005710 JavaThread "Unconstrained build operations Thread 27" [_thread_blocked, id=5464, stack(0x00000002e5a00000,0x00000002e5b00000)]
  0x0000013b30008c00 JavaThread "Unconstrained build operations Thread 28" [_thread_blocked, id=8144, stack(0x00000002e5b00000,0x00000002e5c00000)]
  0x0000013b30007d90 JavaThread "Unconstrained build operations Thread 29" [_thread_blocked, id=13324, stack(0x00000002e5c00000,0x00000002e5d00000)]
  0x0000013b30008260 JavaThread "Unconstrained build operations Thread 30" [_thread_blocked, id=19880, stack(0x00000002e5d00000,0x00000002e5e00000)]
  0x0000013b30008730 JavaThread "Unconstrained build operations Thread 31" [_thread_blocked, id=6216, stack(0x00000002e5e00000,0x00000002e5f00000)]
  0x0000013b30009a70 JavaThread "Unconstrained build operations Thread 32" [_thread_blocked, id=16972, stack(0x00000002e5f00000,0x00000002e6000000)]
  0x0000013b30009f40 JavaThread "Unconstrained build operations Thread 33" [_thread_blocked, id=13680, stack(0x00000002e6000000,0x00000002e6100000)]
  0x0000013b34e44300 JavaThread "Unconstrained build operations Thread 34" [_thread_blocked, id=19852, stack(0x00000002e6100000,0x00000002e6200000)]
  0x0000013b34e42150 JavaThread "Unconstrained build operations Thread 35" [_thread_blocked, id=8376, stack(0x00000002e6200000,0x00000002e6300000)]
  0x0000013b34e43490 JavaThread "Unconstrained build operations Thread 36" [_thread_blocked, id=18732, stack(0x00000002e6300000,0x00000002e6400000)]
  0x0000013b34e447d0 JavaThread "Unconstrained build operations Thread 37" [_thread_blocked, id=16532, stack(0x00000002e6400000,0x00000002e6500000)]
  0x0000013b34e43e30 JavaThread "Unconstrained build operations Thread 38" [_thread_blocked, id=7356, stack(0x00000002e6500000,0x00000002e6600000)]
  0x0000013b34e45fe0 JavaThread "Unconstrained build operations Thread 39" [_thread_blocked, id=7284, stack(0x00000002e6600000,0x00000002e6700000)]
  0x0000013b34e412e0 JavaThread "Unconstrained build operations Thread 40" [_thread_blocked, id=10648, stack(0x00000002e6700000,0x00000002e6800000)]
  0x0000013b389ffee0 JavaThread "build event listener" [_thread_blocked, id=5584, stack(0x00000002e6800000,0x00000002e6900000)]
  0x0000013b389ff070 JavaThread "pool-10-thread-1" [_thread_blocked, id=5964, stack(0x00000002e6b00000,0x00000002e6c00000)]
  0x0000013b34e46980 JavaThread "build event listener" [_thread_blocked, id=10148, stack(0x00000002e6c00000,0x00000002e6d00000)]
  0x0000013b34e42620 JavaThread "included builds" [_thread_blocked, id=16784, stack(0x00000002e6e00000,0x00000002e6f00000)]
  0x0000013b2c97fbb0 JavaThread "Execution worker" [_thread_blocked, id=17632, stack(0x00000002e7100000,0x00000002e7200000)]
  0x0000013b39410730 JavaThread "Execution worker Thread 2" [_thread_blocked, id=15428, stack(0x00000002e7200000,0x00000002e7300000)]
  0x0000013b3940f3f0 JavaThread "Execution worker Thread 3" [_thread_blocked, id=2312, stack(0x00000002e7300000,0x00000002e7400000)]
  0x0000013b3940f8c0 JavaThread "Cache worker for execution history cache (C:\Users\1\praktika\.gradle\8.0\executionHistory)" [_thread_blocked, id=16344, stack(0x00000002e7400000,0x00000002e7500000)]
  0x0000013b3940ea50 JavaThread "WorkerExecutor Queue" [_thread_blocked, id=17416, stack(0x00000002e7500000,0x00000002e7600000)]
  0x0000013b34e47cc0 JavaThread "WorkerExecutor Queue Thread 2" [_thread_blocked, id=13720, stack(0x00000002e7800000,0x00000002e7900000)]
  0x0000013b34e46e50 JavaThread "WorkerExecutor Queue Thread 3" [_thread_in_native, id=9968, stack(0x00000002e6900000,0x00000002e6a00000)]
  0x0000013b36b1ea20 JavaThread "WorkerExecutor Queue Thread 4" [_thread_blocked, id=14956, stack(0x00000002e7a00000,0x00000002e7b00000)]
  0x0000013b34e47320 JavaThread "pool-11-thread-1" [_thread_blocked, id=17824, stack(0x00000002e7b00000,0x00000002e7c00000)]
  0x0000013b34e477f0 JavaThread "stderr" [_thread_in_native, id=16212, stack(0x00000002e7c00000,0x00000002e7d00000)]
  0x0000013b34e40940 JavaThread "stdout" [_thread_in_native, id=6004, stack(0x00000002e7d00000,0x00000002e7e00000)]

Other Threads:
  0x0000013b2b1375b0 VMThread "VM Thread" [stack: 0x00000002e1800000,0x00000002e1900000] [id=13204]
  0x0000013b2bdc8190 WatcherThread [stack: 0x00000002e2400000,0x00000002e2500000] [id=11784]
  0x0000013b0fc77bc0 GCTaskThread "GC Thread#0" [stack: 0x00000002e1300000,0x00000002e1400000] [id=10512]
  0x0000013b2bff8b40 GCTaskThread "GC Thread#1" [stack: 0x00000002e2500000,0x00000002e2600000] [id=13228]
  0x0000013b2be8c040 GCTaskThread "GC Thread#2" [stack: 0x00000002e2600000,0x00000002e2700000] [id=8000]
  0x0000013b2bffd7b0 GCTaskThread "GC Thread#3" [stack: 0x00000002e2700000,0x00000002e2800000] [id=19436]
  0x0000013b0fc88a10 ConcurrentGCThread "G1 Main Marker" [stack: 0x00000002e1400000,0x00000002e1500000] [id=12056]
  0x0000013b0fc89330 ConcurrentGCThread "G1 Conc#0" [stack: 0x00000002e1500000,0x00000002e1600000] [id=14856]
  0x0000013b0fcedb90 ConcurrentGCThread "G1 Refine#0" [stack: 0x00000002e1600000,0x00000002e1700000] [id=15908]
  0x0000013b300888b0 ConcurrentGCThread "G1 Refine#1" [stack: 0x00000002e6d00000,0x00000002e6e00000] [id=19940]
  0x0000013b0fcee4c0 ConcurrentGCThread "G1 Service" [stack: 0x00000002e1700000,0x00000002e1800000] [id=17004]

Threads with active compile tasks:
C2 CompilerThread0  2564550 22270       4       com.android.ide.common.symbols.SymbolIo::readSymbolListWithPackageLine (211 bytes)

VM state: not at safepoint (normal execution)

VM Mutex/Monitor currently owned by a thread: None

Heap address: 0x0000000080000000, size: 2048 MB, Compressed Oops mode: 32-bit

CDS archive(s) not mapped
Compressed class space mapped at: 0x0000000100000000-0x0000000140000000, reserved size: 1073741824
Narrow klass base: 0x0000000000000000, Narrow klass shift: 3, Narrow klass range: 0x140000000

GC Precious Log:
 CPUs: 4 total, 4 available
 Memory: 8025M
 Large Page Support: Disabled
 NUMA Support: Disabled
 Compressed Oops: Enabled (32-bit)
 Heap Region Size: 1M
 Heap Min Capacity: 8M
 Heap Initial Capacity: 126M
 Heap Max Capacity: 2G
 Pre-touch: Disabled
 Parallel Workers: 4
 Concurrent Workers: 1
 Concurrent Refinement Workers: 4
 Periodic GC: Disabled

Heap:
 garbage-first heap   total 294912K, used 201546K [0x0000000080000000, 0x0000000100000000)
  region size 1024K, 11 young (11264K), 5 survivors (5120K)
 Metaspace       used 140597K, committed 141568K, reserved 1179648K
  class space    used 18604K, committed 19072K, reserved 1048576K

Heap Regions: E=young(eden), S=young(survivor), O=old, HS=humongous(starts), HC=humongous(continues), CS=collection set, F=free, OA=open archive, CA=closed archive, TAMS=top-at-mark-start (previous, next)
|   0|0x0000000080000000, 0x0000000080100000, 0x0000000080100000|100%| O|  |TAMS 0x0000000080100000, 0x0000000080100000| Untracked 
|   1|0x0000000080100000, 0x0000000080200000, 0x0000000080200000|100%| O|  |TAMS 0x0000000080200000, 0x0000000080200000| Untracked 
|   2|0x0000000080200000, 0x0000000080300000, 0x0000000080300000|100%|HS|  |TAMS 0x0000000080300000, 0x0000000080300000| Complete 
|   3|0x0000000080300000, 0x0000000080400000, 0x0000000080400000|100%|HC|  |TAMS 0x0000000080400000, 0x0000000080400000| Complete 
|   4|0x0000000080400000, 0x0000000080500000, 0x0000000080500000|100%|HC|  |TAMS 0x0000000080500000, 0x0000000080500000| Complete 
|   5|0x0000000080500000, 0x0000000080600000, 0x0000000080600000|100%|HC|  |TAMS 0x0000000080600000, 0x0000000080600000| Complete 
|   6|0x0000000080600000, 0x0000000080700000, 0x0000000080700000|100%| O|  |TAMS 0x0000000080700000, 0x0000000080700000| Untracked 
|   7|0x0000000080700000, 0x0000000080800000, 0x0000000080800000|100%| O|  |TAMS 0x0000000080800000, 0x0000000080800000| Untracked 
|   8|0x0000000080800000, 0x0000000080900000, 0x0000000080900000|100%| O|  |TAMS 0x0000000080900000, 0x0000000080900000| Untracked 
|   9|0x0000000080900000, 0x0000000080a00000, 0x0000000080a00000|100%| O|  |TAMS 0x0000000080a00000, 0x0000000080a00000| Untracked 
|  10|0x0000000080a00000, 0x0000000080b00000, 0x0000000080b00000|100%| O|  |TAMS 0x0000000080b00000, 0x0000000080b00000| Untracked 
|  11|0x0000000080b00000, 0x0000000080c00000, 0x0000000080c00000|100%| O|  |TAMS 0x0000000080c00000, 0x0000000080c00000| Untracked 
|  12|0x0000000080c00000, 0x0000000080d00000, 0x0000000080d00000|100%| O|  |TAMS 0x0000000080d00000, 0x0000000080d00000| Untracked 
|  13|0x0000000080d00000, 0x0000000080e00000, 0x0000000080e00000|100%| O|  |TAMS 0x0000000080e00000, 0x0000000080e00000| Untracked 
|  14|0x0000000080e00000, 0x0000000080f00000, 0x0000000080f00000|100%| O|  |TAMS 0x0000000080f00000, 0x0000000080f00000| Untracked 
|  15|0x0000000080f00000, 0x0000000081000000, 0x0000000081000000|100%| O|  |TAMS 0x0000000081000000, 0x0000000081000000| Untracked 
|  16|0x0000000081000000, 0x0000000081100000, 0x0000000081100000|100%| O|  |TAMS 0x0000000081100000, 0x0000000081100000| Untracked 
|  17|0x0000000081100000, 0x0000000081200000, 0x0000000081200000|100%| O|  |TAMS 0x0000000081200000, 0x0000000081200000| Untracked 
|  18|0x0000000081200000, 0x0000000081300000, 0x0000000081300000|100%| O|  |TAMS 0x0000000081300000, 0x0000000081300000| Untracked 
|  19|0x0000000081300000, 0x0000000081400000, 0x0000000081400000|100%| O|  |TAMS 0x0000000081400000, 0x0000000081400000| Untracked 
|  20|0x0000000081400000, 0x0000000081500000, 0x0000000081500000|100%|HS|  |TAMS 0x0000000081500000, 0x0000000081500000| Complete 
|  21|0x0000000081500000, 0x0000000081600000, 0x0000000081600000|100%| O|  |TAMS 0x0000000081600000, 0x0000000081600000| Untracked 
|  22|0x0000000081600000, 0x0000000081700000, 0x0000000081700000|100%| O|  |TAMS 0x0000000081700000, 0x0000000081700000| Untracked 
|  23|0x0000000081700000, 0x0000000081800000, 0x0000000081800000|100%| O|  |TAMS 0x0000000081800000, 0x0000000081800000| Untracked 
|  24|0x0000000081800000, 0x0000000081900000, 0x0000000081900000|100%| O|  |TAMS 0x0000000081900000, 0x0000000081900000| Untracked 
|  25|0x0000000081900000, 0x0000000081a00000, 0x0000000081a00000|100%| O|  |TAMS 0x0000000081a00000, 0x0000000081a00000| Untracked 
|  26|0x0000000081a00000, 0x0000000081b00000, 0x0000000081b00000|100%| O|  |TAMS 0x0000000081a00000, 0x0000000081b00000| Untracked 
|  27|0x0000000081b00000, 0x0000000081c00000, 0x0000000081c00000|100%| O|  |TAMS 0x0000000081c00000, 0x0000000081c00000| Untracked 
|  28|0x0000000081c00000, 0x0000000081d00000, 0x0000000081d00000|100%|HS|  |TAMS 0x0000000081d00000, 0x0000000081d00000| Complete 
|  29|0x0000000081d00000, 0x0000000081e00000, 0x0000000081e00000|100%| O|  |TAMS 0x0000000081e00000, 0x0000000081e00000| Untracked 
|  30|0x0000000081e00000, 0x0000000081f00000, 0x0000000081f00000|100%| O|  |TAMS 0x0000000081f00000, 0x0000000081f00000| Untracked 
|  31|0x0000000081f00000, 0x0000000082000000, 0x0000000082000000|100%| O|  |TAMS 0x0000000082000000, 0x0000000082000000| Untracked 
|  32|0x0000000082000000, 0x0000000082100000, 0x0000000082100000|100%| O|  |TAMS 0x0000000082100000, 0x0000000082100000| Untracked 
|  33|0x0000000082100000, 0x0000000082200000, 0x0000000082200000|100%| O|  |TAMS 0x0000000082200000, 0x0000000082200000| Untracked 
|  34|0x0000000082200000, 0x0000000082300000, 0x0000000082300000|100%| O|  |TAMS 0x0000000082300000, 0x0000000082300000| Untracked 
|  35|0x0000000082300000, 0x0000000082400000, 0x0000000082400000|100%| O|  |TAMS 0x0000000082400000, 0x0000000082400000| Untracked 
|  36|0x0000000082400000, 0x0000000082500000, 0x0000000082500000|100%| O|  |TAMS 0x0000000082500000, 0x0000000082500000| Untracked 
|  37|0x0000000082500000, 0x0000000082600000, 0x0000000082600000|100%| O|  |TAMS 0x0000000082600000, 0x0000000082600000| Untracked 
|  38|0x0000000082600000, 0x0000000082700000, 0x0000000082700000|100%| O|  |TAMS 0x0000000082700000, 0x0000000082700000| Untracked 
|  39|0x0000000082700000, 0x0000000082800000, 0x0000000082800000|100%| O|  |TAMS 0x0000000082800000, 0x0000000082800000| Untracked 
|  40|0x0000000082800000, 0x0000000082900000, 0x0000000082900000|100%| O|  |TAMS 0x0000000082900000, 0x0000000082900000| Untracked 
|  41|0x0000000082900000, 0x0000000082a00000, 0x0000000082a00000|100%| O|  |TAMS 0x0000000082a00000, 0x0000000082a00000| Untracked 
|  42|0x0000000082a00000, 0x0000000082b00000, 0x0000000082b00000|100%| O|  |TAMS 0x0000000082b00000, 0x0000000082b00000| Untracked 
|  43|0x0000000082b00000, 0x0000000082c00000, 0x0000000082c00000|100%| O|  |TAMS 0x0000000082c00000, 0x0000000082c00000| Untracked 
|  44|0x0000000082c00000, 0x0000000082d00000, 0x0000000082d00000|100%| O|  |TAMS 0x0000000082d00000, 0x0000000082d00000| Untracked 
|  45|0x0000000082d00000, 0x0000000082e00000, 0x0000000082e00000|100%| O|  |TAMS 0x0000000082e00000, 0x0000000082e00000| Untracked 
|  46|0x0000000082e00000, 0x0000000082f00000, 0x0000000082f00000|100%| O|  |TAMS 0x0000000082f00000, 0x0000000082f00000| Untracked 
|  47|0x0000000082f00000, 0x0000000083000000, 0x0000000083000000|100%| O|  |TAMS 0x0000000083000000, 0x0000000083000000| Untracked 
|  48|0x0000000083000000, 0x0000000083100000, 0x0000000083100000|100%| O|  |TAMS 0x0000000083100000, 0x0000000083100000| Untracked 
|  49|0x0000000083100000, 0x0000000083200000, 0x0000000083200000|100%| O|  |TAMS 0x0000000083200000, 0x0000000083200000| Untracked 
|  50|0x0000000083200000, 0x0000000083300000, 0x0000000083300000|100%| O|  |TAMS 0x0000000083300000, 0x0000000083300000| Untracked 
|  51|0x0000000083300000, 0x0000000083400000, 0x0000000083400000|100%| O|  |TAMS 0x0000000083400000, 0x0000000083400000| Untracked 
|  52|0x0000000083400000, 0x0000000083500000, 0x0000000083500000|100%| O|  |TAMS 0x0000000083500000, 0x0000000083500000| Untracked 
|  53|0x0000000083500000, 0x0000000083600000, 0x0000000083600000|100%| O|  |TAMS 0x0000000083600000, 0x0000000083600000| Untracked 
|  54|0x0000000083600000, 0x0000000083700000, 0x0000000083700000|100%| O|  |TAMS 0x0000000083700000, 0x0000000083700000| Untracked 
|  55|0x0000000083700000, 0x0000000083800000, 0x0000000083800000|100%| O|  |TAMS 0x0000000083800000, 0x0000000083800000| Untracked 
|  56|0x0000000083800000, 0x0000000083900000, 0x0000000083900000|100%| O|  |TAMS 0x0000000083900000, 0x0000000083900000| Untracked 
|  57|0x0000000083900000, 0x0000000083a00000, 0x0000000083a00000|100%| O|  |TAMS 0x0000000083a00000, 0x0000000083a00000| Untracked 
|  58|0x0000000083a00000, 0x0000000083b00000, 0x0000000083b00000|100%| O|  |TAMS 0x0000000083b00000, 0x0000000083b00000| Untracked 
|  59|0x0000000083b00000, 0x0000000083c00000, 0x0000000083c00000|100%| O|  |TAMS 0x0000000083b00000, 0x0000000083c00000| Untracked 
|  60|0x0000000083c00000, 0x0000000083d00000, 0x0000000083d00000|100%| O|  |TAMS 0x0000000083d00000, 0x0000000083d00000| Untracked 
|  61|0x0000000083d00000, 0x0000000083e00000, 0x0000000083e00000|100%| O|  |TAMS 0x0000000083e00000, 0x0000000083e00000| Untracked 
|  62|0x0000000083e00000, 0x0000000083f00000, 0x0000000083f00000|100%| O|  |TAMS 0x0000000083f00000, 0x0000000083f00000| Untracked 
|  63|0x0000000083f00000, 0x0000000084000000, 0x0000000084000000|100%| O|  |TAMS 0x0000000084000000, 0x0000000084000000| Untracked 
|  64|0x0000000084000000, 0x0000000084100000, 0x0000000084100000|100%| O|  |TAMS 0x0000000084100000, 0x0000000084100000| Untracked 
|  65|0x0000000084100000, 0x0000000084200000, 0x0000000084200000|100%| O|  |TAMS 0x0000000084200000, 0x0000000084200000| Untracked 
|  66|0x0000000084200000, 0x0000000084300000, 0x0000000084300000|100%| O|  |TAMS 0x0000000084300000, 0x0000000084300000| Untracked 
|  67|0x0000000084300000, 0x0000000084400000, 0x0000000084400000|100%| O|  |TAMS 0x0000000084400000, 0x0000000084400000| Untracked 
|  68|0x0000000084400000, 0x0000000084500000, 0x0000000084500000|100%| O|  |TAMS 0x0000000084500000, 0x0000000084500000| Untracked 
|  69|0x0000000084500000, 0x0000000084600000, 0x0000000084600000|100%| O|  |TAMS 0x0000000084600000, 0x0000000084600000| Untracked 
|  70|0x0000000084600000, 0x0000000084700000, 0x0000000084700000|100%| O|  |TAMS 0x0000000084700000, 0x0000000084700000| Untracked 
|  71|0x0000000084700000, 0x0000000084800000, 0x0000000084800000|100%| O|  |TAMS 0x0000000084800000, 0x0000000084800000| Untracked 
|  72|0x0000000084800000, 0x0000000084900000, 0x0000000084900000|100%| O|  |TAMS 0x0000000084900000, 0x0000000084900000| Untracked 
|  73|0x0000000084900000, 0x0000000084a00000, 0x0000000084a00000|100%| O|  |TAMS 0x0000000084a00000, 0x0000000084a00000| Untracked 
|  74|0x0000000084a00000, 0x0000000084b00000, 0x0000000084b00000|100%| O|  |TAMS 0x0000000084b00000, 0x0000000084b00000| Untracked 
|  75|0x0000000084b00000, 0x0000000084c00000, 0x0000000084c00000|100%| O|  |TAMS 0x0000000084c00000, 0x0000000084c00000| Untracked 
|  76|0x0000000084c00000, 0x0000000084d00000, 0x0000000084d00000|100%| O|  |TAMS 0x0000000084d00000, 0x0000000084d00000| Untracked 
|  77|0x0000000084d00000, 0x0000000084e00000, 0x0000000084e00000|100%| O|  |TAMS 0x0000000084e00000, 0x0000000084e00000| Untracked 
|  78|0x0000000084e00000, 0x0000000084f00000, 0x0000000084f00000|100%| O|  |TAMS 0x0000000084f00000, 0x0000000084f00000| Untracked 
|  79|0x0000000084f00000, 0x0000000085000000, 0x0000000085000000|100%| O|  |TAMS 0x0000000085000000, 0x0000000085000000| Untracked 
|  80|0x0000000085000000, 0x0000000085100000, 0x0000000085100000|100%| O|  |TAMS 0x0000000085100000, 0x0000000085100000| Untracked 
|  81|0x0000000085100000, 0x0000000085200000, 0x0000000085200000|100%| O|  |TAMS 0x0000000085200000, 0x0000000085200000| Untracked 
|  82|0x0000000085200000, 0x0000000085300000, 0x0000000085300000|100%| O|  |TAMS 0x0000000085300000, 0x0000000085300000| Untracked 
|  83|0x0000000085300000, 0x0000000085400000, 0x0000000085400000|100%| O|  |TAMS 0x0000000085400000, 0x0000000085400000| Untracked 
|  84|0x0000000085400000, 0x0000000085500000, 0x0000000085500000|100%| O|  |TAMS 0x0000000085500000, 0x0000000085500000| Untracked 
|  85|0x0000000085500000, 0x0000000085600000, 0x0000000085600000|100%| O|  |TAMS 0x0000000085600000, 0x0000000085600000| Untracked 
|  86|0x0000000085600000, 0x0000000085700000, 0x0000000085700000|100%| O|  |TAMS 0x0000000085700000, 0x0000000085700000| Untracked 
|  87|0x0000000085700000, 0x0000000085800000, 0x0000000085800000|100%| O|  |TAMS 0x0000000085800000, 0x0000000085800000| Untracked 
|  88|0x0000000085800000, 0x0000000085900000, 0x0000000085900000|100%|HS|  |TAMS 0x0000000085900000, 0x0000000085900000| Complete 
|  89|0x0000000085900000, 0x0000000085a00000, 0x0000000085a00000|100%|HC|  |TAMS 0x0000000085a00000, 0x0000000085a00000| Complete 
|  90|0x0000000085a00000, 0x0000000085b00000, 0x0000000085b00000|100%| O|  |TAMS 0x0000000085b00000, 0x0000000085b00000| Untracked 
|  91|0x0000000085b00000, 0x0000000085c00000, 0x0000000085c00000|100%| O|  |TAMS 0x0000000085c00000, 0x0000000085c00000| Untracked 
|  92|0x0000000085c00000, 0x0000000085d00000, 0x0000000085d00000|100%| O|  |TAMS 0x0000000085d00000, 0x0000000085d00000| Untracked 
|  93|0x0000000085d00000, 0x0000000085e00000, 0x0000000085e00000|100%| O|  |TAMS 0x0000000085e00000, 0x0000000085e00000| Untracked 
|  94|0x0000000085e00000, 0x0000000085f00000, 0x0000000085f00000|100%| O|  |TAMS 0x0000000085f00000, 0x0000000085f00000| Untracked 
|  95|0x0000000085f00000, 0x0000000086000000, 0x0000000086000000|100%| O|  |TAMS 0x0000000086000000, 0x0000000086000000| Untracked 
|  96|0x0000000086000000, 0x0000000086100000, 0x0000000086100000|100%| O|  |TAMS 0x0000000086100000, 0x0000000086100000| Untracked 
|  97|0x0000000086100000, 0x0000000086200000, 0x0000000086200000|100%| O|  |TAMS 0x0000000086200000, 0x0000000086200000| Untracked 
|  98|0x0000000086200000, 0x0000000086300000, 0x0000000086300000|100%| O|  |TAMS 0x0000000086300000, 0x0000000086300000| Untracked 
|  99|0x0000000086300000, 0x0000000086400000, 0x0000000086400000|100%| O|  |TAMS 0x0000000086400000, 0x0000000086400000| Untracked 
| 100|0x0000000086400000, 0x0000000086500000, 0x0000000086500000|100%| O|  |TAMS 0x0000000086500000, 0x0000000086500000| Untracked 
| 101|0x0000000086500000, 0x0000000086600000, 0x0000000086600000|100%| O|  |TAMS 0x0000000086500000, 0x0000000086600000| Untracked 
| 102|0x0000000086600000, 0x0000000086700000, 0x0000000086700000|100%| O|  |TAMS 0x0000000086700000, 0x0000000086700000| Untracked 
| 103|0x0000000086700000, 0x0000000086800000, 0x0000000086800000|100%| O|  |TAMS 0x0000000086800000, 0x0000000086800000| Untracked 
| 104|0x0000000086800000, 0x0000000086900000, 0x0000000086900000|100%| O|  |TAMS 0x0000000086900000, 0x0000000086900000| Untracked 
| 105|0x0000000086900000, 0x0000000086a00000, 0x0000000086a00000|100%| O|  |TAMS 0x0000000086a00000, 0x0000000086a00000| Untracked 
| 106|0x0000000086a00000, 0x0000000086b00000, 0x0000000086b00000|100%| O|  |TAMS 0x0000000086aa5c00, 0x0000000086b00000| Untracked 
| 107|0x0000000086b00000, 0x0000000086c00000, 0x0000000086c00000|100%| O|  |TAMS 0x0000000086b00000, 0x0000000086c00000| Untracked 
| 108|0x0000000086c00000, 0x0000000086d00000, 0x0000000086d00000|100%| O|  |TAMS 0x0000000086c00000, 0x0000000086d00000| Untracked 
| 109|0x0000000086d00000, 0x0000000086e00000, 0x0000000086e00000|100%| O|  |TAMS 0x0000000086d00000, 0x0000000086e00000| Untracked 
| 110|0x0000000086e00000, 0x0000000086f00000, 0x0000000086f00000|100%| O|  |TAMS 0x0000000086e00000, 0x0000000086f00000| Untracked 
| 111|0x0000000086f00000, 0x0000000087000000, 0x0000000087000000|100%| O|  |TAMS 0x0000000086f00000, 0x0000000087000000| Untracked 
| 112|0x0000000087000000, 0x0000000087100000, 0x0000000087100000|100%| O|  |TAMS 0x0000000087000000, 0x0000000087100000| Untracked 
| 113|0x0000000087100000, 0x0000000087200000, 0x0000000087200000|100%| O|  |TAMS 0x0000000087100000, 0x0000000087200000| Untracked 
| 114|0x0000000087200000, 0x0000000087300000, 0x0000000087300000|100%| O|  |TAMS 0x0000000087200000, 0x0000000087300000| Untracked 
| 115|0x0000000087300000, 0x0000000087400000, 0x0000000087400000|100%| O|  |TAMS 0x0000000087300000, 0x0000000087400000| Untracked 
| 116|0x0000000087400000, 0x0000000087500000, 0x0000000087500000|100%|HS|  |TAMS 0x0000000087400000, 0x0000000087500000| Complete 
| 117|0x0000000087500000, 0x0000000087600000, 0x0000000087600000|100%|HC|  |TAMS 0x0000000087500000, 0x0000000087600000| Complete 
| 118|0x0000000087600000, 0x0000000087700000, 0x0000000087700000|100%| O|  |TAMS 0x0000000087600000, 0x0000000087700000| Untracked 
| 119|0x0000000087700000, 0x0000000087800000, 0x0000000087800000|100%| O|  |TAMS 0x0000000087700000, 0x0000000087800000| Untracked 
| 120|0x0000000087800000, 0x0000000087900000, 0x0000000087900000|100%| O|  |TAMS 0x0000000087800000, 0x0000000087900000| Untracked 
| 121|0x0000000087900000, 0x0000000087a00000, 0x0000000087a00000|100%| O|  |TAMS 0x0000000087900000, 0x0000000087a00000| Untracked 
| 122|0x0000000087a00000, 0x0000000087b00000, 0x0000000087b00000|100%| O|  |TAMS 0x0000000087a00000, 0x0000000087b00000| Untracked 
| 123|0x0000000087b00000, 0x0000000087c00000, 0x0000000087c00000|100%| O|  |TAMS 0x0000000087b00000, 0x0000000087c00000| Untracked 
| 124|0x0000000087c00000, 0x0000000087d00000, 0x0000000087d00000|100%| O|  |TAMS 0x0000000087c00000, 0x0000000087d00000| Untracked 
| 125|0x0000000087d00000, 0x0000000087e00000, 0x0000000087e00000|100%| O|  |TAMS 0x0000000087d00000, 0x0000000087e00000| Untracked 
| 126|0x0000000087e00000, 0x0000000087f00000, 0x0000000087f00000|100%| O|  |TAMS 0x0000000087e00000, 0x0000000087f00000| Untracked 
| 127|0x0000000087f00000, 0x0000000088000000, 0x0000000088000000|100%| O|  |TAMS 0x0000000087f00000, 0x0000000088000000| Untracked 
| 128|0x0000000088000000, 0x0000000088100000, 0x0000000088100000|100%| O|  |TAMS 0x0000000088000000, 0x0000000088100000| Untracked 
| 129|0x0000000088100000, 0x0000000088200000, 0x0000000088200000|100%| O|  |TAMS 0x0000000088100000, 0x0000000088200000| Untracked 
| 130|0x0000000088200000, 0x0000000088300000, 0x0000000088300000|100%| O|  |TAMS 0x0000000088200000, 0x0000000088300000| Untracked 
| 131|0x0000000088300000, 0x0000000088400000, 0x0000000088400000|100%| O|  |TAMS 0x0000000088300000, 0x0000000088400000| Untracked 
| 132|0x0000000088400000, 0x0000000088500000, 0x0000000088500000|100%| O|  |TAMS 0x0000000088400000, 0x0000000088500000| Untracked 
| 133|0x0000000088500000, 0x0000000088600000, 0x0000000088600000|100%| O|  |TAMS 0x0000000088500000, 0x0000000088600000| Untracked 
| 134|0x0000000088600000, 0x0000000088700000, 0x0000000088700000|100%| O|  |TAMS 0x0000000088600000, 0x0000000088700000| Untracked 
| 135|0x0000000088700000, 0x0000000088800000, 0x0000000088800000|100%| O|  |TAMS 0x0000000088700000, 0x0000000088800000| Untracked 
| 136|0x0000000088800000, 0x0000000088900000, 0x0000000088900000|100%| O|  |TAMS 0x0000000088800000, 0x0000000088900000| Untracked 
| 137|0x0000000088900000, 0x0000000088a00000, 0x0000000088a00000|100%| O|  |TAMS 0x0000000088900000, 0x0000000088a00000| Untracked 
| 138|0x0000000088a00000, 0x0000000088b00000, 0x0000000088b00000|100%| O|  |TAMS 0x0000000088a00000, 0x0000000088b00000| Untracked 
| 139|0x0000000088b00000, 0x0000000088c00000, 0x0000000088c00000|100%| O|  |TAMS 0x0000000088b00000, 0x0000000088c00000| Untracked 
| 140|0x0000000088c00000, 0x0000000088d00000, 0x0000000088d00000|100%| O|  |TAMS 0x0000000088c00000, 0x0000000088d00000| Untracked 
| 141|0x0000000088d00000, 0x0000000088e00000, 0x0000000088e00000|100%| O|  |TAMS 0x0000000088d00000, 0x0000000088e00000| Untracked 
| 142|0x0000000088e00000, 0x0000000088f00000, 0x0000000088f00000|100%| O|  |TAMS 0x0000000088e00000, 0x0000000088f00000| Untracked 
| 143|0x0000000088f00000, 0x0000000089000000, 0x0000000089000000|100%| O|  |TAMS 0x0000000088f00000, 0x0000000089000000| Untracked 
| 144|0x0000000089000000, 0x0000000089100000, 0x0000000089100000|100%| O|  |TAMS 0x0000000089000000, 0x0000000089100000| Untracked 
| 145|0x0000000089100000, 0x0000000089200000, 0x0000000089200000|100%| O|  |TAMS 0x0000000089100000, 0x0000000089200000| Untracked 
| 146|0x0000000089200000, 0x0000000089300000, 0x0000000089300000|100%| O|  |TAMS 0x0000000089200000, 0x0000000089200000| Untracked 
| 147|0x0000000089300000, 0x0000000089400000, 0x0000000089400000|100%| O|  |TAMS 0x0000000089300000, 0x0000000089400000| Untracked 
| 148|0x0000000089400000, 0x0000000089500000, 0x0000000089500000|100%| O|  |TAMS 0x0000000089400000, 0x0000000089500000| Untracked 
| 149|0x0000000089500000, 0x0000000089600000, 0x0000000089600000|100%| O|  |TAMS 0x0000000089500000, 0x0000000089500000| Untracked 
| 150|0x0000000089600000, 0x0000000089700000, 0x0000000089700000|100%| O|  |TAMS 0x0000000089600000, 0x0000000089600000| Untracked 
| 151|0x0000000089700000, 0x0000000089800000, 0x0000000089800000|100%| O|  |TAMS 0x0000000089700000, 0x0000000089800000| Untracked 
| 152|0x0000000089800000, 0x0000000089900000, 0x0000000089900000|100%| O|  |TAMS 0x0000000089800000, 0x0000000089900000| Untracked 
| 153|0x0000000089900000, 0x0000000089a00000, 0x0000000089a00000|100%| O|  |TAMS 0x0000000089900000, 0x0000000089a00000| Untracked 
| 154|0x0000000089a00000, 0x0000000089b00000, 0x0000000089b00000|100%| O|  |TAMS 0x0000000089a00000, 0x0000000089b00000| Untracked 
| 155|0x0000000089b00000, 0x0000000089c00000, 0x0000000089c00000|100%| O|  |TAMS 0x0000000089b00000, 0x0000000089c00000| Untracked 
| 156|0x0000000089c00000, 0x0000000089d00000, 0x0000000089d00000|100%| O|  |TAMS 0x0000000089c00000, 0x0000000089cc9a00| Untracked 
| 157|0x0000000089d00000, 0x0000000089e00000, 0x0000000089e00000|100%| O|  |TAMS 0x0000000089d00000, 0x0000000089d00000| Untracked 
| 158|0x0000000089e00000, 0x0000000089f00000, 0x0000000089f00000|100%| O|  |TAMS 0x0000000089e00000, 0x0000000089e00000| Untracked 
| 159|0x0000000089f00000, 0x000000008a000000, 0x000000008a000000|100%| O|  |TAMS 0x0000000089f00000, 0x0000000089f00000| Untracked 
| 160|0x000000008a000000, 0x000000008a100000, 0x000000008a100000|100%| O|  |TAMS 0x000000008a000000, 0x000000008a000000| Untracked 
| 161|0x000000008a100000, 0x000000008a200000, 0x000000008a200000|100%| O|  |TAMS 0x000000008a100000, 0x000000008a100000| Untracked 
| 162|0x000000008a200000, 0x000000008a300000, 0x000000008a300000|100%| O|  |TAMS 0x000000008a200000, 0x000000008a200000| Untracked 
| 163|0x000000008a300000, 0x000000008a400000, 0x000000008a400000|100%| O|  |TAMS 0x000000008a300000, 0x000000008a300000| Untracked 
| 164|0x000000008a400000, 0x000000008a500000, 0x000000008a500000|100%| O|  |TAMS 0x000000008a400000, 0x000000008a400000| Untracked 
| 165|0x000000008a500000, 0x000000008a600000, 0x000000008a600000|100%| O|  |TAMS 0x000000008a500000, 0x000000008a500000| Untracked 
| 166|0x000000008a600000, 0x000000008a700000, 0x000000008a700000|100%| O|  |TAMS 0x000000008a600000, 0x000000008a600000| Untracked 
| 167|0x000000008a700000, 0x000000008a800000, 0x000000008a800000|100%| O|  |TAMS 0x000000008a700000, 0x000000008a700000| Untracked 
| 168|0x000000008a800000, 0x000000008a900000, 0x000000008a900000|100%| O|  |TAMS 0x000000008a800000, 0x000000008a800000| Untracked 
| 169|0x000000008a900000, 0x000000008aa00000, 0x000000008aa00000|100%| O|  |TAMS 0x000000008a900000, 0x000000008a900000| Untracked 
| 170|0x000000008aa00000, 0x000000008ab00000, 0x000000008ab00000|100%| O|  |TAMS 0x000000008aa00000, 0x000000008aa00000| Untracked 
| 171|0x000000008ab00000, 0x000000008ac00000, 0x000000008ac00000|100%| O|  |TAMS 0x000000008ab00000, 0x000000008ab00000| Untracked 
| 172|0x000000008ac00000, 0x000000008ad00000, 0x000000008ad00000|100%| O|  |TAMS 0x000000008ac00000, 0x000000008ac00000| Untracked 
| 173|0x000000008ad00000, 0x000000008ae00000, 0x000000008ae00000|100%| O|  |TAMS 0x000000008ad00000, 0x000000008ad00000| Untracked 
| 174|0x000000008ae00000, 0x000000008af00000, 0x000000008af00000|100%| O|  |TAMS 0x000000008ae00000, 0x000000008ae00000| Untracked 
| 175|0x000000008af00000, 0x000000008b000000, 0x000000008b000000|100%| O|  |TAMS 0x000000008af00000, 0x000000008af00000| Untracked 
| 176|0x000000008b000000, 0x000000008b100000, 0x000000008b100000|100%| O|  |TAMS 0x000000008b000000, 0x000000008b000000| Untracked 
| 177|0x000000008b100000, 0x000000008b200000, 0x000000008b200000|100%| O|  |TAMS 0x000000008b100000, 0x000000008b100000| Untracked 
| 178|0x000000008b200000, 0x000000008b300000, 0x000000008b300000|100%| O|  |TAMS 0x000000008b200000, 0x000000008b200000| Untracked 
| 179|0x000000008b300000, 0x000000008b400000, 0x000000008b400000|100%| O|  |TAMS 0x000000008b300000, 0x000000008b300000| Untracked 
| 180|0x000000008b400000, 0x000000008b500000, 0x000000008b500000|100%| O|  |TAMS 0x000000008b400000, 0x000000008b400000| Untracked 
| 181|0x000000008b500000, 0x000000008b600000, 0x000000008b600000|100%| O|  |TAMS 0x000000008b500000, 0x000000008b500000| Untracked 
| 182|0x000000008b600000, 0x000000008b700000, 0x000000008b700000|100%| O|  |TAMS 0x000000008b600000, 0x000000008b600000| Untracked 
| 183|0x000000008b700000, 0x000000008b736c00, 0x000000008b800000| 21%| O|  |TAMS 0x000000008b700000, 0x000000008b700000| Untracked 
| 184|0x000000008b800000, 0x000000008b800000, 0x000000008b900000|  0%| F|  |TAMS 0x000000008b800000, 0x000000008b800000| Untracked 
| 185|0x000000008b900000, 0x000000008b900000, 0x000000008ba00000|  0%| F|  |TAMS 0x000000008b900000, 0x000000008b900000| Untracked 
| 186|0x000000008ba00000, 0x000000008ba00000, 0x000000008bb00000|  0%| F|  |TAMS 0x000000008ba00000, 0x000000008ba00000| Untracked 
| 187|0x000000008bb00000, 0x000000008bb00000, 0x000000008bc00000|  0%| F|  |TAMS 0x000000008bb00000, 0x000000008bb00000| Untracked 
| 188|0x000000008bc00000, 0x000000008bc00000, 0x000000008bd00000|  0%| F|  |TAMS 0x000000008bc00000, 0x000000008bc00000| Untracked 
| 189|0x000000008bd00000, 0x000000008bd00000, 0x000000008be00000|  0%| F|  |TAMS 0x000000008bd00000, 0x000000008bd00000| Untracked 
| 190|0x000000008be00000, 0x000000008be00000, 0x000000008bf00000|  0%| F|  |TAMS 0x000000008be00000, 0x000000008be00000| Untracked 
| 191|0x000000008bf00000, 0x000000008bf00000, 0x000000008c000000|  0%| F|  |TAMS 0x000000008bf00000, 0x000000008bf00000| Untracked 
| 192|0x000000008c000000, 0x000000008c000000, 0x000000008c100000|  0%| F|  |TAMS 0x000000008c000000, 0x000000008c000000| Untracked 
| 193|0x000000008c100000, 0x000000008c100000, 0x000000008c200000|  0%| F|  |TAMS 0x000000008c100000, 0x000000008c100000| Untracked 
| 194|0x000000008c200000, 0x000000008c200000, 0x000000008c300000|  0%| F|  |TAMS 0x000000008c200000, 0x000000008c200000| Untracked 
| 195|0x000000008c300000, 0x000000008c300000, 0x000000008c400000|  0%| F|  |TAMS 0x000000008c300000, 0x000000008c300000| Untracked 
| 196|0x000000008c400000, 0x000000008c400000, 0x000000008c500000|  0%| F|  |TAMS 0x000000008c400000, 0x000000008c400000| Untracked 
| 197|0x000000008c500000, 0x000000008c600000, 0x000000008c600000|100%| O|  |TAMS 0x000000008c500000, 0x000000008c500000| Untracked 
| 198|0x000000008c600000, 0x000000008c700000, 0x000000008c700000|100%| O|  |TAMS 0x000000008c600000, 0x000000008c600000| Untracked 
| 199|0x000000008c700000, 0x000000008c800000, 0x000000008c800000|100%| O|  |TAMS 0x000000008c700000, 0x000000008c700000| Untracked 
| 200|0x000000008c800000, 0x000000008c900000, 0x000000008c900000|100%| O|  |TAMS 0x000000008c800000, 0x000000008c800000| Untracked 
| 201|0x000000008c900000, 0x000000008c900000, 0x000000008ca00000|  0%| F|  |TAMS 0x000000008c900000, 0x000000008c900000| Untracked 
| 202|0x000000008ca00000, 0x000000008ca00000, 0x000000008cb00000|  0%| F|  |TAMS 0x000000008ca00000, 0x000000008ca00000| Untracked 
| 203|0x000000008cb00000, 0x000000008cb00000, 0x000000008cc00000|  0%| F|  |TAMS 0x000000008cb00000, 0x000000008cb00000| Untracked 
| 204|0x000000008cc00000, 0x000000008cc00000, 0x000000008cd00000|  0%| F|  |TAMS 0x000000008cc00000, 0x000000008cc00000| Untracked 
| 205|0x000000008cd00000, 0x000000008cd00000, 0x000000008ce00000|  0%| F|  |TAMS 0x000000008cd00000, 0x000000008cd00000| Untracked 
| 206|0x000000008ce00000, 0x000000008ce00000, 0x000000008cf00000|  0%| F|  |TAMS 0x000000008ce00000, 0x000000008ce00000| Untracked 
| 207|0x000000008cf00000, 0x000000008cf00000, 0x000000008d000000|  0%| F|  |TAMS 0x000000008cf00000, 0x000000008cf00000| Untracked 
| 208|0x000000008d000000, 0x000000008d000000, 0x000000008d100000|  0%| F|  |TAMS 0x000000008d000000, 0x000000008d000000| Untracked 
| 209|0x000000008d100000, 0x000000008d100000, 0x000000008d200000|  0%| F|  |TAMS 0x000000008d100000, 0x000000008d100000| Untracked 
| 210|0x000000008d200000, 0x000000008d200000, 0x000000008d300000|  0%| F|  |TAMS 0x000000008d200000, 0x000000008d200000| Untracked 
| 211|0x000000008d300000, 0x000000008d300000, 0x000000008d400000|  0%| F|  |TAMS 0x000000008d300000, 0x000000008d300000| Untracked 
| 212|0x000000008d400000, 0x000000008d400000, 0x000000008d500000|  0%| F|  |TAMS 0x000000008d400000, 0x000000008d400000| Untracked 
| 213|0x000000008d500000, 0x000000008d500000, 0x000000008d600000|  0%| F|  |TAMS 0x000000008d500000, 0x000000008d500000| Untracked 
| 214|0x000000008d600000, 0x000000008d600000, 0x000000008d700000|  0%| F|  |TAMS 0x000000008d600000, 0x000000008d600000| Untracked 
| 215|0x000000008d700000, 0x000000008d700000, 0x000000008d800000|  0%| F|  |TAMS 0x000000008d700000, 0x000000008d700000| Untracked 
| 216|0x000000008d800000, 0x000000008d800000, 0x000000008d900000|  0%| F|  |TAMS 0x000000008d800000, 0x000000008d800000| Untracked 
| 217|0x000000008d900000, 0x000000008d900000, 0x000000008da00000|  0%| F|  |TAMS 0x000000008d900000, 0x000000008d900000| Untracked 
| 218|0x000000008da00000, 0x000000008da00000, 0x000000008db00000|  0%| F|  |TAMS 0x000000008da00000, 0x000000008da00000| Untracked 
| 219|0x000000008db00000, 0x000000008db00000, 0x000000008dc00000|  0%| F|  |TAMS 0x000000008db00000, 0x000000008db00000| Untracked 
| 220|0x000000008dc00000, 0x000000008dc00000, 0x000000008dd00000|  0%| F|  |TAMS 0x000000008dc00000, 0x000000008dc00000| Untracked 
| 221|0x000000008dd00000, 0x000000008dd00000, 0x000000008de00000|  0%| F|  |TAMS 0x000000008dd00000, 0x000000008dd00000| Untracked 
| 222|0x000000008de00000, 0x000000008de00000, 0x000000008df00000|  0%| F|  |TAMS 0x000000008de00000, 0x000000008de00000| Untracked 
| 223|0x000000008df00000, 0x000000008df00000, 0x000000008e000000|  0%| F|  |TAMS 0x000000008df00000, 0x000000008df00000| Untracked 
| 224|0x000000008e000000, 0x000000008e000000, 0x000000008e100000|  0%| F|  |TAMS 0x000000008e000000, 0x000000008e000000| Untracked 
| 225|0x000000008e100000, 0x000000008e100000, 0x000000008e200000|  0%| F|  |TAMS 0x000000008e100000, 0x000000008e100000| Untracked 
| 226|0x000000008e200000, 0x000000008e200000, 0x000000008e300000|  0%| F|  |TAMS 0x000000008e200000, 0x000000008e200000| Untracked 
| 227|0x000000008e300000, 0x000000008e300000, 0x000000008e400000|  0%| F|  |TAMS 0x000000008e300000, 0x000000008e300000| Untracked 
| 228|0x000000008e400000, 0x000000008e400000, 0x000000008e500000|  0%| F|  |TAMS 0x000000008e400000, 0x000000008e400000| Untracked 
| 229|0x000000008e500000, 0x000000008e500000, 0x000000008e600000|  0%| F|  |TAMS 0x000000008e500000, 0x000000008e500000| Untracked 
| 230|0x000000008e600000, 0x000000008e600000, 0x000000008e700000|  0%| F|  |TAMS 0x000000008e600000, 0x000000008e600000| Untracked 
| 231|0x000000008e700000, 0x000000008e700000, 0x000000008e800000|  0%| F|  |TAMS 0x000000008e700000, 0x000000008e700000| Untracked 
| 232|0x000000008e800000, 0x000000008e800000, 0x000000008e900000|  0%| F|  |TAMS 0x000000008e800000, 0x000000008e800000| Untracked 
| 233|0x000000008e900000, 0x000000008e900000, 0x000000008ea00000|  0%| F|  |TAMS 0x000000008e900000, 0x000000008e900000| Untracked 
| 234|0x000000008ea00000, 0x000000008ea00000, 0x000000008eb00000|  0%| F|  |TAMS 0x000000008ea00000, 0x000000008ea00000| Untracked 
| 235|0x000000008eb00000, 0x000000008eb00000, 0x000000008ec00000|  0%| F|  |TAMS 0x000000008eb00000, 0x000000008eb00000| Untracked 
| 236|0x000000008ec00000, 0x000000008ec00000, 0x000000008ed00000|  0%| F|  |TAMS 0x000000008ec00000, 0x000000008ec00000| Untracked 
| 237|0x000000008ed00000, 0x000000008ed00000, 0x000000008ee00000|  0%| F|  |TAMS 0x000000008ed00000, 0x000000008ed00000| Untracked 
| 238|0x000000008ee00000, 0x000000008ee00000, 0x000000008ef00000|  0%| F|  |TAMS 0x000000008ee00000, 0x000000008ee00000| Untracked 
| 239|0x000000008ef00000, 0x000000008ef00000, 0x000000008f000000|  0%| F|  |TAMS 0x000000008ef00000, 0x000000008ef00000| Untracked 
| 240|0x000000008f000000, 0x000000008f000000, 0x000000008f100000|  0%| F|  |TAMS 0x000000008f000000, 0x000000008f000000| Untracked 
| 241|0x000000008f100000, 0x000000008f100000, 0x000000008f200000|  0%| F|  |TAMS 0x000000008f100000, 0x000000008f100000| Untracked 
| 242|0x000000008f200000, 0x000000008f29be08, 0x000000008f300000| 60%| S|CS|TAMS 0x000000008f200000, 0x000000008f200000| Complete 
| 243|0x000000008f300000, 0x000000008f400000, 0x000000008f400000|100%| S|CS|TAMS 0x000000008f300000, 0x000000008f300000| Complete 
| 244|0x000000008f400000, 0x000000008f500000, 0x000000008f500000|100%| S|CS|TAMS 0x000000008f400000, 0x000000008f400000| Complete 
| 245|0x000000008f500000, 0x000000008f600000, 0x000000008f600000|100%| S|CS|TAMS 0x000000008f500000, 0x000000008f500000| Complete 
| 246|0x000000008f600000, 0x000000008f700000, 0x000000008f700000|100%| S|CS|TAMS 0x000000008f600000, 0x000000008f600000| Complete 
| 247|0x000000008f700000, 0x000000008f700000, 0x000000008f800000|  0%| F|  |TAMS 0x000000008f700000, 0x000000008f700000| Untracked 
| 248|0x000000008f800000, 0x000000008f800000, 0x000000008f900000|  0%| F|  |TAMS 0x000000008f800000, 0x000000008f800000| Untracked 
| 249|0x000000008f900000, 0x000000008f900000, 0x000000008fa00000|  0%| F|  |TAMS 0x000000008f900000, 0x000000008f900000| Untracked 
| 250|0x000000008fa00000, 0x000000008fa00000, 0x000000008fb00000|  0%| F|  |TAMS 0x000000008fa00000, 0x000000008fa00000| Untracked 
| 251|0x000000008fb00000, 0x000000008fb00000, 0x000000008fc00000|  0%| F|  |TAMS 0x000000008fb00000, 0x000000008fb00000| Untracked 
| 252|0x000000008fc00000, 0x000000008fc00000, 0x000000008fd00000|  0%| F|  |TAMS 0x000000008fc00000, 0x000000008fc00000| Untracked 
| 253|0x000000008fd00000, 0x000000008fd00000, 0x000000008fe00000|  0%| F|  |TAMS 0x000000008fd00000, 0x000000008fd00000| Untracked 
| 254|0x000000008fe00000, 0x000000008fe00000, 0x000000008ff00000|  0%| F|  |TAMS 0x000000008fe00000, 0x000000008fe00000| Untracked 
| 255|0x000000008ff00000, 0x000000008ff00000, 0x0000000090000000|  0%| F|  |TAMS 0x000000008ff00000, 0x000000008ff00000| Untracked 
| 256|0x0000000090000000, 0x0000000090000000, 0x0000000090100000|  0%| F|  |TAMS 0x0000000090000000, 0x0000000090000000| Untracked 
| 257|0x0000000090100000, 0x0000000090100000, 0x0000000090200000|  0%| F|  |TAMS 0x0000000090100000, 0x0000000090100000| Untracked 
| 258|0x0000000090200000, 0x0000000090200000, 0x0000000090300000|  0%| F|  |TAMS 0x0000000090200000, 0x0000000090200000| Untracked 
| 259|0x0000000090300000, 0x0000000090300000, 0x0000000090400000|  0%| F|  |TAMS 0x0000000090300000, 0x0000000090300000| Untracked 
| 260|0x0000000090400000, 0x0000000090400000, 0x0000000090500000|  0%| F|  |TAMS 0x0000000090400000, 0x0000000090400000| Untracked 
| 261|0x0000000090500000, 0x0000000090500000, 0x0000000090600000|  0%| F|  |TAMS 0x0000000090500000, 0x0000000090500000| Untracked 
| 262|0x0000000090600000, 0x0000000090600000, 0x0000000090700000|  0%| F|  |TAMS 0x0000000090600000, 0x0000000090600000| Untracked 
| 263|0x0000000090700000, 0x0000000090700000, 0x0000000090800000|  0%| F|  |TAMS 0x0000000090700000, 0x0000000090700000| Untracked 
| 264|0x0000000090800000, 0x0000000090800000, 0x0000000090900000|  0%| F|  |TAMS 0x0000000090800000, 0x0000000090800000| Untracked 
| 265|0x0000000090900000, 0x0000000090900000, 0x0000000090a00000|  0%| F|  |TAMS 0x0000000090900000, 0x0000000090900000| Untracked 
| 266|0x0000000090a00000, 0x0000000090a00000, 0x0000000090b00000|  0%| F|  |TAMS 0x0000000090a00000, 0x0000000090a00000| Untracked 
| 267|0x0000000090b00000, 0x0000000090b00000, 0x0000000090c00000|  0%| F|  |TAMS 0x0000000090b00000, 0x0000000090b00000| Untracked 
| 268|0x0000000090c00000, 0x0000000090c00000, 0x0000000090d00000|  0%| F|  |TAMS 0x0000000090c00000, 0x0000000090c00000| Untracked 
| 269|0x0000000090d00000, 0x0000000090d00000, 0x0000000090e00000|  0%| F|  |TAMS 0x0000000090d00000, 0x0000000090d00000| Untracked 
| 270|0x0000000090e00000, 0x0000000090e00000, 0x0000000090f00000|  0%| F|  |TAMS 0x0000000090e00000, 0x0000000090e00000| Untracked 
| 271|0x0000000090f00000, 0x0000000090f00000, 0x0000000091000000|  0%| F|  |TAMS 0x0000000090f00000, 0x0000000090f00000| Untracked 
| 272|0x0000000091000000, 0x0000000091000000, 0x0000000091100000|  0%| F|  |TAMS 0x0000000091000000, 0x0000000091000000| Untracked 
| 273|0x0000000091100000, 0x0000000091100000, 0x0000000091200000|  0%| F|  |TAMS 0x0000000091100000, 0x0000000091100000| Untracked 
| 274|0x0000000091200000, 0x0000000091200000, 0x0000000091300000|  0%| F|  |TAMS 0x0000000091200000, 0x0000000091200000| Untracked 
| 275|0x0000000091300000, 0x0000000091300000, 0x0000000091400000|  0%| F|  |TAMS 0x0000000091300000, 0x0000000091300000| Untracked 
| 276|0x0000000091400000, 0x0000000091400000, 0x0000000091500000|  0%| F|  |TAMS 0x0000000091400000, 0x0000000091400000| Untracked 
| 277|0x0000000091500000, 0x0000000091500000, 0x0000000091600000|  0%| F|  |TAMS 0x0000000091500000, 0x0000000091500000| Untracked 
| 278|0x0000000091600000, 0x0000000091600000, 0x0000000091700000|  0%| F|  |TAMS 0x0000000091600000, 0x0000000091600000| Untracked 
| 279|0x0000000091700000, 0x0000000091700000, 0x0000000091800000|  0%| F|  |TAMS 0x0000000091700000, 0x0000000091700000| Untracked 
| 280|0x0000000091800000, 0x0000000091800000, 0x0000000091900000|  0%| F|  |TAMS 0x0000000091800000, 0x0000000091800000| Untracked 
| 281|0x0000000091900000, 0x0000000091900000, 0x0000000091a00000|  0%| F|  |TAMS 0x0000000091900000, 0x0000000091900000| Untracked 
| 282|0x0000000091a00000, 0x0000000091a6e280, 0x0000000091b00000| 43%| E|  |TAMS 0x0000000091a00000, 0x0000000091a00000| Complete 
| 283|0x0000000091b00000, 0x0000000091c00000, 0x0000000091c00000|100%| E|CS|TAMS 0x0000000091b00000, 0x0000000091b00000| Complete 
| 284|0x0000000091c00000, 0x0000000091d00000, 0x0000000091d00000|100%| E|CS|TAMS 0x0000000091c00000, 0x0000000091c00000| Complete 
| 285|0x0000000091d00000, 0x0000000091e00000, 0x0000000091e00000|100%| E|CS|TAMS 0x0000000091d00000, 0x0000000091d00000| Complete 
| 286|0x0000000091e00000, 0x0000000091f00000, 0x0000000091f00000|100%| E|CS|TAMS 0x0000000091e00000, 0x0000000091e00000| Complete 
| 287|0x0000000091f00000, 0x0000000092000000, 0x0000000092000000|100%| E|CS|TAMS 0x0000000091f00000, 0x0000000091f00000| Complete 

Card table byte_map: [0x0000013b24350000,0x0000013b24750000] _byte_map_base: 0x0000013b23f50000

Marking Bits (Prev, Next): (CMBitMap*) 0x0000013b0fc78120, (CMBitMap*) 0x0000013b0fc780e0
 Prev Bits: [0x0000013b26b50000, 0x0000013b28b50000)
 Next Bits: [0x0000013b24b50000, 0x0000013b26b50000)

Polling page: 0x0000013b0fa70000

Metaspace:

Usage:
  Non-class:    119.13 MB used.
      Class:     18.17 MB used.
       Both:    137.30 MB used.

Virtual space:
  Non-class space:      128.00 MB reserved,     119.62 MB ( 93%) committed,  16 nodes.
      Class space:        1.00 GB reserved,      18.62 MB (  2%) committed,  1 nodes.
             Both:        1.12 GB reserved,     138.25 MB ( 12%) committed. 

Chunk freelists:
   Non-Class:  3.72 MB
       Class:  1.22 MB
        Both:  4.94 MB

MaxMetaspaceSize: unlimited
CompressedClassSpaceSize: 1.00 GB
Initial GC threshold: 21.00 MB
Current GC threshold: 170.25 MB
CDS: off
MetaspaceReclaimPolicy: balanced
 - commit_granule_bytes: 65536.
 - commit_granule_words: 8192.
 - virtual_space_node_default_size: 1048576.
 - enlarge_chunks_in_place: 1.
 - new_chunks_are_fully_committed: 0.
 - uncommit_free_chunks: 1.
 - use_allocation_guard: 0.
 - handle_deallocations: 1.


Internal statistics:

num_allocs_failed_limit: 9.
num_arena_births: 1486.
num_arena_deaths: 4.
num_vsnodes_births: 17.
num_vsnodes_deaths: 0.
num_space_committed: 2212.
num_space_uncommitted: 0.
num_chunks_returned_to_freelist: 13.
num_chunks_taken_from_freelist: 6730.
num_chunk_merges: 9.
num_chunk_splits: 4510.
num_chunks_enlarged: 3054.
num_purges: 2.
num_inconsistent_stats: 0.

CodeHeap 'non-profiled nmethods': size=120000Kb used=12313Kb max_used=12313Kb free=107687Kb
 bounds [0x0000013b1c3f0000, 0x0000013b1d000000, 0x0000013b23920000]
CodeHeap 'profiled nmethods': size=120000Kb used=36045Kb max_used=36045Kb free=83954Kb
 bounds [0x0000013b14920000, 0x0000013b16c60000, 0x0000013b1be50000]
CodeHeap 'non-nmethods': size=5760Kb used=2487Kb max_used=2581Kb free=3272Kb
 bounds [0x0000013b1be50000, 0x0000013b1c0e0000, 0x0000013b1c3f0000]
 total_blobs=18960 nmethods=17929 adapters=942
 compilation: enabled
              stopped_count=0, restarted_count=0
 full_count=0

Compilation events (20 events):
Event: 2564.213 Thread 0x0000013b2bc0a250 22258       3       com.google.common.base.Equivalence::equivalent (24 bytes)
Event: 2564.213 Thread 0x0000013b2bc0a250 nmethod 22258 0x0000013b16c54b10 code [0x0000013b16c54cc0, 0x0000013b16c54f88]
Event: 2564.227 Thread 0x0000013b2bc0a250 22260       3       com.google.common.base.Equivalence$Equals::doEquivalent (6 bytes)
Event: 2564.227 Thread 0x0000013b2bc0a250 nmethod 22260 0x0000013b16c55010 code [0x0000013b16c551c0, 0x0000013b16c55388]
Event: 2564.227 Thread 0x0000013b2bc0a250 22261       3       com.android.ide.common.symbols.Symbol$BasicAttributeSymbol::equals (39 bytes)
Event: 2564.228 Thread 0x0000013b2bc0a250 nmethod 22261 0x0000013b16c55490 code [0x0000013b16c55680, 0x0000013b16c55c28]
Event: 2564.228 Thread 0x0000013b2bc0a250 22264       3       com.android.ide.common.symbols.Symbol$BasicNormalSymbol::equals (52 bytes)
Event: 2564.229 Thread 0x0000013b2bc0a250 nmethod 22264 0x0000013b16c55d90 code [0x0000013b16c55f80, 0x0000013b16c565a8]
Event: 2564.231 Thread 0x0000013b2bc0a250 22266       3       com.google.common.base.Objects::equal (23 bytes)
Event: 2564.231 Thread 0x0000013b2bc0a250 nmethod 22266 0x0000013b16c56710 code [0x0000013b16c568c0, 0x0000013b16c56b28]
Event: 2564.274 Thread 0x0000013b2bc098a0 nmethod 22259 0x0000013b1cff0110 code [0x0000013b1cff03a0, 0x0000013b1cff2080]
Event: 2564.274 Thread 0x0000013b2bc098a0 22262       4       java.util.Spliterators$1Adapter::hasNext (23 bytes)
Event: 2564.328 Thread 0x0000013b2bc098a0 nmethod 22262 0x0000013b1cff3190 code [0x0000013b1cff3400, 0x0000013b1cff4ce0]
Event: 2564.419 Thread 0x0000013b2bc098a0 22267       4       com.android.ide.common.symbols.Symbol$BasicNormalSymbol::hashCode (23 bytes)
Event: 2564.420 Thread 0x0000013b2bc0a250 22271       3       com.android.ide.common.symbols.Symbol$StyleableSymbol::getResourceType (4 bytes)
Event: 2564.420 Thread 0x0000013b2bc0a250 nmethod 22271 0x0000013b16c56c10 code [0x0000013b16c56da0, 0x0000013b16c56eb8]
Event: 2564.420 Thread 0x0000013b2bc0a250 22272       3       com.android.ide.common.symbols.Symbol$BasicStyleableSymbol::getCanonicalName (5 bytes)
Event: 2564.421 Thread 0x0000013b2bc0a250 nmethod 22272 0x0000013b16c56f90 code [0x0000013b16c57120, 0x0000013b16c57238]
Event: 2564.427 Thread 0x0000013b2bc098a0 nmethod 22267 0x0000013b1cff5b90 code [0x0000013b1cff5d20, 0x0000013b1cff6208]
Event: 2564.427 Thread 0x0000013b2bc098a0 22270       4       com.android.ide.common.symbols.SymbolIo::readSymbolListWithPackageLine (211 bytes)

GC Heap History (20 events):
Event: 739.900 GC heap before
{Heap before GC invocations=40 (full 0):
 garbage-first heap   total 245760K, used 197246K [0x0000000080000000, 0x0000000100000000)
  region size 1024K, 49 young (50176K), 3 survivors (3072K)
 Metaspace       used 124887K, committed 125696K, reserved 1163264K
  class space    used 16617K, committed 17024K, reserved 1048576K
}
Event: 739.907 GC heap after
{Heap after GC invocations=41 (full 0):
 garbage-first heap   total 245760K, used 152236K [0x0000000080000000, 0x0000000100000000)
  region size 1024K, 4 young (4096K), 4 survivors (4096K)
 Metaspace       used 124887K, committed 125696K, reserved 1163264K
  class space    used 16617K, committed 17024K, reserved 1048576K
}
Event: 741.482 GC heap before
{Heap before GC invocations=41 (full 0):
 garbage-first heap   total 245760K, used 201388K [0x0000000080000000, 0x0000000100000000)
  region size 1024K, 52 young (53248K), 4 survivors (4096K)
 Metaspace       used 127016K, committed 127872K, reserved 1163264K
  class space    used 16932K, committed 17344K, reserved 1048576K
}
Event: 741.499 GC heap after
{Heap after GC invocations=42 (full 0):
 garbage-first heap   total 245760K, used 158187K [0x0000000080000000, 0x0000000100000000)
  region size 1024K, 7 young (7168K), 7 survivors (7168K)
 Metaspace       used 127016K, committed 127872K, reserved 1163264K
  class space    used 16932K, committed 17344K, reserved 1048576K
}
Event: 742.454 GC heap before
{Heap before GC invocations=42 (full 0):
 garbage-first heap   total 245760K, used 204267K [0x0000000080000000, 0x0000000100000000)
  region size 1024K, 50 young (51200K), 7 survivors (7168K)
 Metaspace       used 131416K, committed 132224K, reserved 1171456K
  class space    used 17520K, committed 17920K, reserved 1048576K
}
Event: 742.481 GC heap after
{Heap after GC invocations=43 (full 0):
 garbage-first heap   total 245760K, used 162278K [0x0000000080000000, 0x0000000100000000)
  region size 1024K, 5 young (5120K), 5 survivors (5120K)
 Metaspace       used 131416K, committed 132224K, reserved 1171456K
  class space    used 17520K, committed 17920K, reserved 1048576K
}
Event: 742.940 GC heap before
{Heap before GC invocations=43 (full 0):
 garbage-first heap   total 245760K, used 194022K [0x0000000080000000, 0x0000000100000000)
  region size 1024K, 20 young (20480K), 5 survivors (5120K)
 Metaspace       used 132872K, committed 133760K, reserved 1171456K
  class space    used 17728K, committed 18176K, reserved 1048576K
}
Event: 742.950 GC heap after
{Heap after GC invocations=44 (full 0):
 garbage-first heap   total 245760K, used 171008K [0x0000000080000000, 0x0000000100000000)
  region size 1024K, 2 young (2048K), 2 survivors (2048K)
 Metaspace       used 132872K, committed 133760K, reserved 1171456K
  class space    used 17728K, committed 18176K, reserved 1048576K
}
Event: 2076.137 GC heap before
{Heap before GC invocations=44 (full 0):
 garbage-first heap   total 245760K, used 215040K [0x0000000080000000, 0x0000000100000000)
  region size 1024K, 36 young (36864K), 2 survivors (2048K)
 Metaspace       used 133266K, committed 134144K, reserved 1171456K
  class space    used 17768K, committed 18240K, reserved 1048576K
}
Event: 2076.245 GC heap after
{Heap after GC invocations=45 (full 0):
 garbage-first heap   total 245760K, used 164067K [0x0000000080000000, 0x0000000100000000)
  region size 1024K, 2 young (2048K), 2 survivors (2048K)
 Metaspace       used 133266K, committed 134144K, reserved 1171456K
  class space    used 17768K, committed 18240K, reserved 1048576K
}
Event: 2547.085 GC heap before
{Heap before GC invocations=45 (full 0):
 garbage-first heap   total 245760K, used 206051K [0x0000000080000000, 0x0000000100000000)
  region size 1024K, 43 young (44032K), 2 survivors (2048K)
 Metaspace       used 133597K, committed 134464K, reserved 1171456K
  class space    used 17794K, committed 18240K, reserved 1048576K
}
Event: 2547.123 GC heap after
{Heap after GC invocations=46 (full 0):
 garbage-first heap   total 245760K, used 168191K [0x0000000080000000, 0x0000000100000000)
  region size 1024K, 6 young (6144K), 6 survivors (6144K)
 Metaspace       used 133597K, committed 134464K, reserved 1171456K
  class space    used 17794K, committed 18240K, reserved 1048576K
}
Event: 2549.435 GC heap before
{Heap before GC invocations=46 (full 0):
 garbage-first heap   total 245760K, used 208127K [0x0000000080000000, 0x0000000100000000)
  region size 1024K, 44 young (45056K), 6 survivors (6144K)
 Metaspace       used 136038K, committed 136896K, reserved 1171456K
  class space    used 18099K, committed 18496K, reserved 1048576K
}
Event: 2549.486 GC heap after
{Heap after GC invocations=47 (full 0):
 garbage-first heap   total 245760K, used 181811K [0x0000000080000000, 0x0000000100000000)
  region size 1024K, 6 young (6144K), 6 survivors (6144K)
 Metaspace       used 136038K, committed 136896K, reserved 1171456K
  class space    used 18099K, committed 18496K, reserved 1048576K
}
Event: 2549.892 GC heap before
{Heap before GC invocations=47 (full 0):
 garbage-first heap   total 245760K, used 202291K [0x0000000080000000, 0x0000000100000000)
  region size 1024K, 26 young (26624K), 6 survivors (6144K)
 Metaspace       used 136506K, committed 137408K, reserved 1171456K
  class space    used 18144K, committed 18560K, reserved 1048576K
}
Event: 2549.912 GC heap after
{Heap after GC invocations=48 (full 0):
 garbage-first heap   total 294912K, used 187805K [0x0000000080000000, 0x0000000100000000)
  region size 1024K, 4 young (4096K), 4 survivors (4096K)
 Metaspace       used 136506K, committed 137408K, reserved 1171456K
  class space    used 18144K, committed 18560K, reserved 1048576K
}
Event: 2551.675 GC heap before
{Heap before GC invocations=48 (full 0):
 garbage-first heap   total 294912K, used 241053K [0x0000000080000000, 0x0000000100000000)
  region size 1024K, 40 young (40960K), 4 survivors (4096K)
 Metaspace       used 139467K, committed 140352K, reserved 1171456K
  class space    used 18459K, committed 18880K, reserved 1048576K
}
Event: 2551.690 GC heap after
{Heap after GC invocations=49 (full 0):
 garbage-first heap   total 294912K, used 192541K [0x0000000080000000, 0x0000000100000000)
  region size 1024K, 5 young (5120K), 5 survivors (5120K)
 Metaspace       used 139467K, committed 140352K, reserved 1171456K
  class space    used 18459K, committed 18880K, reserved 1048576K
}
Event: 2563.871 GC heap before
{Heap before GC invocations=49 (full 0):
 garbage-first heap   total 294912K, used 228381K [0x0000000080000000, 0x0000000100000000)
  region size 1024K, 41 young (41984K), 5 survivors (5120K)
 Metaspace       used 140590K, committed 141568K, reserved 1179648K
  class space    used 18603K, committed 19072K, reserved 1048576K
}
Event: 2563.963 GC heap after
{Heap after GC invocations=50 (full 0):
 garbage-first heap   total 294912K, used 196426K [0x0000000080000000, 0x0000000100000000)
  region size 1024K, 5 young (5120K), 5 survivors (5120K)
 Metaspace       used 140590K, committed 141568K, reserved 1179648K
  class space    used 18603K, committed 19072K, reserved 1048576K
}

Dll operation events (2 events):
Event: 0.134 Loaded shared library D:\Android Studio\jbr\bin\java.dll
Event: 4.144 Loaded shared library D:\Android Studio\jbr\bin\verify.dll

Deoptimization events (20 events):
Event: 2561.561 Thread 0x0000013b34e46e50 Uncommon trap: trap_request=0xffffffc6 fr.pc=0x0000013b1cfd17c0 relative=0x0000000000002860
Event: 2561.561 Thread 0x0000013b34e46e50 Uncommon trap: reason=bimorphic_or_optimized_type_check action=maybe_recompile pc=0x0000013b1cfd17c0 method=com.google.common.base.Equivalence$Equals.doHash(Ljava/lang/Object;)I @ 1 c2
Event: 2561.561 Thread 0x0000013b34e46e50 DEOPT PACKING pc=0x0000013b1cfd17c0 sp=0x00000002e69fd970
Event: 2561.561 Thread 0x0000013b34e46e50 DEOPT UNPACKING pc=0x0000013b1bea69a3 sp=0x00000002e69fd728 mode 2
Event: 2562.171 Thread 0x0000013b34e46e50 Uncommon trap: trap_request=0xffffff45 fr.pc=0x0000013b1c9abfbc relative=0x00000000000033dc
Event: 2562.171 Thread 0x0000013b34e46e50 Uncommon trap: reason=unstable_if action=reinterpret pc=0x0000013b1c9abfbc method=java.lang.String.split(Ljava/lang/String;I)[Ljava/lang/String; @ 259 c2
Event: 2562.171 Thread 0x0000013b34e46e50 DEOPT PACKING pc=0x0000013b1c9abfbc sp=0x00000002e69fd850
Event: 2562.189 Thread 0x0000013b34e46e50 DEOPT UNPACKING pc=0x0000013b1bea69a3 sp=0x00000002e69fd838 mode 2
Event: 2563.367 Thread 0x0000013b34e46e50 Uncommon trap: trap_request=0xffffff45 fr.pc=0x0000013b1cfc6f18 relative=0x0000000000001378
Event: 2563.367 Thread 0x0000013b34e46e50 Uncommon trap: reason=unstable_if action=reinterpret pc=0x0000013b1cfc6f18 method=java.util.Spliterators$1Adapter.hasNext()Z @ 4 c2
Event: 2563.367 Thread 0x0000013b34e46e50 DEOPT PACKING pc=0x0000013b1cfc6f18 sp=0x00000002e69fd3d0
Event: 2563.369 Thread 0x0000013b34e46e50 DEOPT UNPACKING pc=0x0000013b1bea69a3 sp=0x00000002e69fd360 mode 2
Event: 2564.210 Thread 0x0000013b34e46e50 Uncommon trap: trap_request=0xffffff45 fr.pc=0x0000013b1cfe0328 relative=0x0000000000001828
Event: 2564.210 Thread 0x0000013b34e46e50 Uncommon trap: reason=unstable_if action=reinterpret pc=0x0000013b1cfe0328 method=com.google.common.collect.MapMakerInternalMap$Segment.getEntry(Ljava/lang/Object;I)Lcom/google/common/collect/MapMakerInternalMap$InternalEntry; @ 24 c2
Event: 2564.210 Thread 0x0000013b34e46e50 DEOPT PACKING pc=0x0000013b1cfe0328 sp=0x00000002e69fd3b0
Event: 2564.210 Thread 0x0000013b34e46e50 DEOPT UNPACKING pc=0x0000013b1bea69a3 sp=0x00000002e69fd220 mode 2
Event: 2564.210 Thread 0x0000013b34e46e50 Uncommon trap: trap_request=0xffffff45 fr.pc=0x0000013b1cfcb944 relative=0x0000000000000124
Event: 2564.210 Thread 0x0000013b34e46e50 Uncommon trap: reason=unstable_if action=reinterpret pc=0x0000013b1cfcb944 method=com.google.common.collect.MapMakerInternalMap$Segment.getEntry(Ljava/lang/Object;I)Lcom/google/common/collect/MapMakerInternalMap$InternalEntry; @ 24 c2
Event: 2564.210 Thread 0x0000013b34e46e50 DEOPT PACKING pc=0x0000013b1cfcb944 sp=0x00000002e69fd2e0
Event: 2564.210 Thread 0x0000013b34e46e50 DEOPT UNPACKING pc=0x0000013b1bea69a3 sp=0x00000002e69fd260 mode 2

Classes unloaded (2 events):
Event: 38.755 Thread 0x0000013b2b1375b0 Unloading class 0x0000000100cb4000 'java/lang/invoke/LambdaForm$DMH+0x0000000100cb4000'
Event: 38.755 Thread 0x0000013b2b1375b0 Unloading class 0x0000000100ca9400 'java/lang/invoke/LambdaForm$DMH+0x0000000100ca9400'

Classes redefined (0 events):
No events

Internal exceptions (20 events):
Event: 2552.625 Thread 0x0000013b2c97fbb0 Exception <a 'sun/nio/fs/WindowsException'{0x0000000090af6808}> (0x0000000090af6808) 
thrown [s\src\hotspot\share\prims\jni.cpp, line 517]
Event: 2552.625 Thread 0x0000013b2c97fbb0 Exception <a 'sun/nio/fs/WindowsException'{0x0000000090af6878}> (0x0000000090af6878) 
thrown [s\src\hotspot\share\prims\jni.cpp, line 517]
Event: 2552.625 Thread 0x0000013b2c97fbb0 Exception <a 'sun/nio/fs/WindowsException'{0x0000000090af6c08}> (0x0000000090af6c08) 
thrown [s\src\hotspot\share\prims\jni.cpp, line 517]
Event: 2552.633 Thread 0x0000013b2c97fbb0 Exception <a 'sun/nio/fs/WindowsException'{0x0000000090af8e40}> (0x0000000090af8e40) 
thrown [s\src\hotspot\share\prims\jni.cpp, line 517]
Event: 2552.633 Thread 0x0000013b2c97fbb0 Exception <a 'sun/nio/fs/WindowsException'{0x0000000090af9188}> (0x0000000090af9188) 
thrown [s\src\hotspot\share\prims\jni.cpp, line 517]
Event: 2552.634 Thread 0x0000013b2c97fbb0 Exception <a 'sun/nio/fs/WindowsException'{0x0000000090afb198}> (0x0000000090afb198) 
thrown [s\src\hotspot\share\prims\jni.cpp, line 517]
Event: 2552.634 Thread 0x0000013b2c97fbb0 Exception <a 'sun/nio/fs/WindowsException'{0x0000000090afc268}> (0x0000000090afc268) 
thrown [s\src\hotspot\share\prims\jni.cpp, line 517]
Event: 2552.634 Thread 0x0000013b2c97fbb0 Exception <a 'sun/nio/fs/WindowsException'{0x0000000090afc2d8}> (0x0000000090afc2d8) 
thrown [s\src\hotspot\share\prims\jni.cpp, line 517]
Event: 2552.634 Thread 0x0000013b2c97fbb0 Exception <a 'sun/nio/fs/WindowsException'{0x0000000090afc660}> (0x0000000090afc660) 
thrown [s\src\hotspot\share\prims\jni.cpp, line 517]
Event: 2552.634 Thread 0x0000013b2c97fbb0 Exception <a 'sun/nio/fs/WindowsException'{0x0000000090afe618}> (0x0000000090afe618) 
thrown [s\src\hotspot\share\prims\jni.cpp, line 517]
Event: 2552.634 Thread 0x0000013b2c97fbb0 Exception <a 'sun/nio/fs/WindowsException'{0x0000000090aff468}> (0x0000000090aff468) 
thrown [s\src\hotspot\share\prims\jni.cpp, line 517]
Event: 2552.634 Thread 0x0000013b2c97fbb0 Exception <a 'sun/nio/fs/WindowsException'{0x0000000090aff4d8}> (0x0000000090aff4d8) 
thrown [s\src\hotspot\share\prims\jni.cpp, line 517]
Event: 2552.634 Thread 0x0000013b2c97fbb0 Exception <a 'sun/nio/fs/WindowsException'{0x0000000090aff7d0}> (0x0000000090aff7d0) 
thrown [s\src\hotspot\share\prims\jni.cpp, line 517]
Event: 2552.634 Thread 0x0000013b2c97fbb0 Exception <a 'sun/nio/fs/WindowsException'{0x0000000090901ca8}> (0x0000000090901ca8) 
thrown [s\src\hotspot\share\prims\jni.cpp, line 517]
Event: 2552.646 Thread 0x0000013b2c97fbb0 Exception <a 'java/lang/NoSuchMethodError'{0x00000000909f4b50}: static Lcom/android/builder/internal/aapt/AaptOptions;.<clinit>()V> (0x00000000909f4b50) 
thrown [s\src\hotspot\share\prims\jni.cpp, line 1108]
Event: 2552.648 Thread 0x0000013b2c97fbb0 Exception <a 'java/lang/NoSuchMethodError'{0x0000000090809c18}: static Ljava/lang/Object;.<clinit>()V> (0x0000000090809c18) 
thrown [s\src\hotspot\share\prims\jni.cpp, line 1108]
Event: 2552.891 Thread 0x0000013b34e46e50 Exception <a 'java/lang/NoSuchMethodError'{0x000000009067f608}: 'void java.lang.invoke.DirectMethodHandle$Holder.invokeStatic(java.lang.Object, long)'> (0x000000009067f608) 
thrown [s\src\hotspot\share\interpreter\linkResolver.cpp, line 771]
Event: 2552.896 Thread 0x0000013b34e46e50 Exception <a 'java/lang/NoSuchMethodError'{0x000000009068f2d8}: 'java.lang.Object java.lang.invoke.DirectMethodHandle$Holder.invokeStatic(java.lang.Object, java.lang.Object, long, java.lang.Object)'> (0x000000009068f2d8) 
thrown [s\src\hotspot\share\interpreter\linkResolver.cpp, line 771]
Event: 2552.897 Thread 0x0000013b34e46e50 Exception <a 'java/lang/NoSuchMethodError'{0x0000000090692d58}: 'java.lang.Object java.lang.invoke.DirectMethodHandle$Holder.invokeStaticInit(java.lang.Object, java.lang.Object, long, java.lang.Object)'> (0x0000000090692d58) 
thrown [s\src\hotspot\share\interpreter\linkResolver.cpp, line 771]
Event: 2553.992 Thread 0x0000013b34e46e50 Exception <a 'java/lang/NoSuchMethodError'{0x00000000905b8b60}: 'int java.lang.invoke.DirectMethodHandle$Holder.invokeSpecialIFC(java.lang.Object, java.lang.Object, java.lang.Object)'> (0x00000000905b8b60) 
thrown [s\src\hotspot\share\interpreter\linkResolver.cpp, line 771]

VM Operations (20 events):
Event: 2552.404 Executing VM operation: ICBufferFull
Event: 2552.404 Executing VM operation: ICBufferFull done
Event: 2552.850 Executing VM operation: HandshakeAllThreads
Event: 2552.850 Executing VM operation: HandshakeAllThreads done
Event: 2552.901 Executing VM operation: HandshakeAllThreads
Event: 2552.901 Executing VM operation: HandshakeAllThreads done
Event: 2553.915 Executing VM operation: Cleanup
Event: 2553.915 Executing VM operation: Cleanup done
Event: 2554.927 Executing VM operation: Cleanup
Event: 2554.927 Executing VM operation: Cleanup done
Event: 2560.978 Executing VM operation: Cleanup
Event: 2561.011 Executing VM operation: Cleanup done
Event: 2562.020 Executing VM operation: Cleanup
Event: 2562.115 Executing VM operation: Cleanup done
Event: 2563.119 Executing VM operation: Cleanup
Event: 2563.121 Executing VM operation: Cleanup done
Event: 2563.736 Executing VM operation: HandshakeAllThreads
Event: 2563.738 Executing VM operation: HandshakeAllThreads done
Event: 2563.869 Executing VM operation: G1CollectForAllocation
Event: 2563.963 Executing VM operation: G1CollectForAllocation done

Events (20 events):
Event: 2551.924 Thread 0x0000013b2bc0db10 flushing nmethod 0x0000013b16208410
Event: 2552.057 Thread 0x0000013b36b1ea20 Thread added: 0x0000013b36b1ea20
Event: 2552.859 loading class java/util/concurrent/Executors$DelegatedScheduledExecutorService
Event: 2552.860 loading class java/util/concurrent/Executors$DelegatedExecutorService
Event: 2552.860 loading class java/util/concurrent/Executors$DelegatedExecutorService done
Event: 2552.860 loading class java/util/concurrent/Executors$DelegatedScheduledExecutorService done
Event: 2552.862 Thread 0x0000013b34e47320 Thread added: 0x0000013b34e47320
Event: 2552.864 loading class java/lang/ProcessImpl
Event: 2552.866 loading class java/lang/ProcessImpl done
Event: 2552.892 loading class java/lang/ProcessHandleImpl
Event: 2552.894 loading class java/lang/ProcessHandleImpl done
Event: 2552.898 loading class java/lang/ProcessImpl$2
Event: 2552.898 loading class java/lang/ProcessImpl$2 done
Event: 2552.899 loading class java/lang/Process$PipeInputStream
Event: 2552.899 loading class java/lang/Process$PipeInputStream done
Event: 2552.901 loading class jdk/internal/event/ProcessStartEvent
Event: 2552.903 loading class jdk/internal/event/ProcessStartEvent done
Event: 2552.906 Thread 0x0000013b34e477f0 Thread added: 0x0000013b34e477f0
Event: 2552.906 Thread 0x0000013b34e40940 Thread added: 0x0000013b34e40940
Event: 2553.589 Thread 0x0000013b33924e10 Thread exited: 0x0000013b33924e10


Dynamic libraries:
0x00007ff691680000 - 0x00007ff69168a000 	D:\Android Studio\jbr\bin\java.exe
0x00007ff8788f0000 - 0x00007ff878ae8000 	C:\Windows\SYSTEM32\ntdll.dll
0x00007ff878770000 - 0x00007ff87882f000 	C:\Windows\System32\KERNEL32.DLL
0x00007ff876650000 - 0x00007ff876946000 	C:\Windows\System32\KERNELBASE.dll
0x00007ff876250000 - 0x00007ff876350000 	C:\Windows\System32\ucrtbase.dll
0x00007ff84acd0000 - 0x00007ff84ace7000 	D:\Android Studio\jbr\bin\jli.dll
0x00007ff8782f0000 - 0x00007ff87848d000 	C:\Windows\System32\USER32.dll
0x00007ff876620000 - 0x00007ff876642000 	C:\Windows\System32\win32u.dll
0x00007ff876cf0000 - 0x00007ff876d1c000 	C:\Windows\System32\GDI32.dll
0x00007ff84e5b0000 - 0x00007ff84e84a000 	C:\Windows\WinSxS\amd64_microsoft.windows.common-controls_6595b64144ccf1df_6.0.19041.1110_none_60b5254171f9507e\COMCTL32.dll
0x00007ff876d20000 - 0x00007ff876dbe000 	C:\Windows\System32\msvcrt.dll
0x00007ff876500000 - 0x00007ff876615000 	C:\Windows\System32\gdi32full.dll
0x00007ff876100000 - 0x00007ff87619d000 	C:\Windows\System32\msvcp_win.dll
0x00007ff847c90000 - 0x00007ff847cab000 	D:\Android Studio\jbr\bin\VCRUNTIME140.dll
0x00007ff876950000 - 0x00007ff876980000 	C:\Windows\System32\IMM32.DLL
0x00007ff871b80000 - 0x00007ff871b8c000 	D:\Android Studio\jbr\bin\vcruntime140_1.dll
0x00007ff833b10000 - 0x00007ff833b9d000 	D:\Android Studio\jbr\bin\msvcp140.dll
0x00007ff8215d0000 - 0x00007ff82223d000 	D:\Android Studio\jbr\bin\server\jvm.dll
0x00007ff876de0000 - 0x00007ff876e8f000 	C:\Windows\System32\ADVAPI32.dll
0x00007ff876f70000 - 0x00007ff87700c000 	C:\Windows\System32\sechost.dll
0x00007ff878640000 - 0x00007ff878766000 	C:\Windows\System32\RPCRT4.dll
0x00007ff86ee70000 - 0x00007ff86ee79000 	C:\Windows\SYSTEM32\WSOCK32.dll
0x00007ff876ef0000 - 0x00007ff876f5b000 	C:\Windows\System32\WS2_32.dll
0x00007ff854720000 - 0x00007ff854747000 	C:\Windows\SYSTEM32\WINMM.dll
0x00007ff86f960000 - 0x00007ff86f96a000 	C:\Windows\SYSTEM32\VERSION.dll
0x00007ff873e80000 - 0x00007ff873e92000 	C:\Windows\SYSTEM32\kernel.appcore.dll
0x00007ff870c10000 - 0x00007ff870c1a000 	D:\Android Studio\jbr\bin\jimage.dll
0x00007ff873810000 - 0x00007ff8739f4000 	C:\Windows\SYSTEM32\DBGHELP.DLL
0x00007ff855bd0000 - 0x00007ff855c04000 	C:\Windows\SYSTEM32\dbgcore.DLL
0x00007ff876040000 - 0x00007ff8760c2000 	C:\Windows\System32\bcryptPrimitives.dll
0x00007ff8592b0000 - 0x00007ff8592d5000 	D:\Android Studio\jbr\bin\java.dll
0x00007ff85ecd0000 - 0x00007ff85ece8000 	D:\Android Studio\jbr\bin\zip.dll
0x00007ff877540000 - 0x00007ff877c84000 	C:\Windows\System32\SHELL32.dll
0x00007ff874080000 - 0x00007ff874813000 	C:\Windows\SYSTEM32\windows.storage.dll
0x00007ff877db0000 - 0x00007ff878104000 	C:\Windows\System32\combase.dll
0x00007ff875a20000 - 0x00007ff875a4e000 	C:\Windows\SYSTEM32\Wldp.dll
0x00007ff8781e0000 - 0x00007ff87828d000 	C:\Windows\System32\SHCORE.dll
0x00007ff877010000 - 0x00007ff877065000 	C:\Windows\System32\shlwapi.dll
0x00007ff875f10000 - 0x00007ff875f2f000 	C:\Windows\SYSTEM32\profapi.dll
0x00007ff859290000 - 0x00007ff8592a9000 	D:\Android Studio\jbr\bin\net.dll
0x00007ff866e70000 - 0x00007ff866f7a000 	C:\Windows\SYSTEM32\WINHTTP.dll
0x00007ff875780000 - 0x00007ff8757ea000 	C:\Windows\system32\mswsock.dll
0x00007ff859220000 - 0x00007ff859236000 	D:\Android Studio\jbr\bin\nio.dll
0x00007ff8591d0000 - 0x00007ff8591e0000 	D:\Android Studio\jbr\bin\verify.dll
0x00007ff841770000 - 0x00007ff841797000 	C:\Users\1\.gradle\native\68d5fa5c4cc2d200863cafc0d521ce42e7d3e7ee720ec0a83991735586a16f82\windows-amd64\native-platform.dll
0x00007ff82e8f0000 - 0x00007ff82ea34000 	C:\Users\1\.gradle\native\e376f236ea51e6404a007f0833ffe2c6e607c4080706a723a18a27aeea778392\windows-amd64\native-platform-file-events.dll
0x00007ff86ee80000 - 0x00007ff86ee89000 	D:\Android Studio\jbr\bin\management.dll
0x00007ff859200000 - 0x00007ff85920b000 	D:\Android Studio\jbr\bin\management_ext.dll
0x00007ff876980000 - 0x00007ff876988000 	C:\Windows\System32\PSAPI.DLL
0x00007ff875970000 - 0x00007ff875988000 	C:\Windows\SYSTEM32\CRYPTSP.dll
0x00007ff875030000 - 0x00007ff875064000 	C:\Windows\system32\rsaenh.dll
0x00007ff8760d0000 - 0x00007ff8760f7000 	C:\Windows\System32\bcrypt.dll
0x00007ff875e90000 - 0x00007ff875ebe000 	C:\Windows\SYSTEM32\USERENV.dll
0x00007ff875990000 - 0x00007ff87599c000 	C:\Windows\SYSTEM32\CRYPTBASE.dll
0x00007ff875420000 - 0x00007ff87545c000 	C:\Windows\SYSTEM32\IPHLPAPI.DLL
0x00007ff876f60000 - 0x00007ff876f68000 	C:\Windows\System32\NSI.dll
0x00007ff86c4a0000 - 0x00007ff86c4b7000 	C:\Windows\SYSTEM32\dhcpcsvc6.DLL
0x00007ff86c480000 - 0x00007ff86c49d000 	C:\Windows\SYSTEM32\dhcpcsvc.DLL
0x00007ff875470000 - 0x00007ff87553a000 	C:\Windows\SYSTEM32\DNSAPI.dll
0x00007ff82afd0000 - 0x00007ff82afd7000 	C:\Windows\system32\wshunix.dll
0x00007ff865f00000 - 0x00007ff865f0a000 	C:\Windows\System32\rasadhlp.dll
0x00007ff8667d0000 - 0x00007ff866852000 	C:\Windows\System32\fwpuclnt.dll
0x00007ff875150000 - 0x00007ff875183000 	C:\Windows\SYSTEM32\ntmarta.dll

dbghelp: loaded successfully - version: 4.0.5 - missing functions: none
symbol engine: initialized successfully - sym options: 0x614 - pdb path: .;D:\Android Studio\jbr\bin;C:\Windows\SYSTEM32;C:\Windows\WinSxS\amd64_microsoft.windows.common-controls_6595b64144ccf1df_6.0.19041.1110_none_60b5254171f9507e;D:\Android Studio\jbr\bin\server;C:\Users\1\.gradle\native\68d5fa5c4cc2d200863cafc0d521ce42e7d3e7ee720ec0a83991735586a16f82\windows-amd64;C:\Users\1\.gradle\native\e376f236ea51e6404a007f0833ffe2c6e607c4080706a723a18a27aeea778392\windows-amd64

VM Arguments:
jvm_args: --add-opens=java.base/java.util=ALL-UNNAMED --add-opens=java.base/java.lang=ALL-UNNAMED --add-opens=java.base/java.lang.invoke=ALL-UNNAMED --add-opens=java.prefs/java.util.prefs=ALL-UNNAMED --add-opens=java.base/java.nio.charset=ALL-UNNAMED --add-opens=java.base/java.net=ALL-UNNAMED --add-opens=java.base/java.util.concurrent.atomic=ALL-UNNAMED -Xmx2048m -Dfile.encoding=UTF-8 -Duser.country=RU -Duser.language=ru -Duser.variant 
java_command: org.gradle.launcher.daemon.bootstrap.GradleDaemon 8.0
java_class_path (initial): C:\Users\1\.gradle\wrapper\dists\gradle-8.0-bin\ca5e32bp14vu59qr306oxotwh\gradle-8.0\lib\gradle-launcher-8.0.jar
Launcher Type: SUN_STANDARD

[Global flags]
     intx CICompilerCount                          = 3                                         {product} {ergonomic}
     uint ConcGCThreads                            = 1                                         {product} {ergonomic}
     uint G1ConcRefinementThreads                  = 4                                         {product} {ergonomic}
   size_t G1HeapRegionSize                         = 1048576                                   {product} {ergonomic}
    uintx GCDrainStackTargetSize                   = 64                                        {product} {ergonomic}
   size_t InitialHeapSize                          = 132120576                                 {product} {ergonomic}
   size_t MarkStackSize                            = 4194304                                   {product} {ergonomic}
   size_t MaxHeapSize                              = 2147483648                                {product} {command line}
   size_t MaxNewSize                               = 1287651328                                {product} {ergonomic}
   size_t MinHeapDeltaBytes                        = 1048576                                   {product} {ergonomic}
   size_t MinHeapSize                              = 8388608                                   {product} {ergonomic}
    uintx NonNMethodCodeHeapSize                   = 5832780                                {pd product} {ergonomic}
    uintx NonProfiledCodeHeapSize                  = 122912730                              {pd product} {ergonomic}
    uintx ProfiledCodeHeapSize                     = 122912730                              {pd product} {ergonomic}
    uintx ReservedCodeCacheSize                    = 251658240                              {pd product} {ergonomic}
     bool SegmentedCodeCache                       = true                                      {product} {ergonomic}
   size_t SoftMaxHeapSize                          = 2147483648                             {manageable} {ergonomic}
     bool UseCompressedClassPointers               = true                           {product lp64_product} {ergonomic}
     bool UseCompressedOops                        = true                           {product lp64_product} {ergonomic}
     bool UseG1GC                                  = true                                      {product} {ergonomic}
     bool UseLargePagesIndividualAllocation        = false                                  {pd product} {ergonomic}

Logging:
Log output configuration:
 #0: stdout all=warning uptime,level,tags
 #1: stderr all=off uptime,level,tags

Environment Variables:
PATH=C:\Program Files\Microsoft MPI\Bin\;C:\Program Files\Common Files\Oracle\Java\javapath;C:\Program Files (x86)\Common Files\Oracle\Java\javapath;C:\Windows\system32;C:\Windows;C:\Windows\System32\Wbem;C:\Windows\System32\WindowsPowerShell\v1.0\;C:\Windows\System32\OpenSSH\;C:\Program Files\Azure Data Studio\bin;C:\Program Files\Microsoft SQL Server\Client SDK\ODBC\170\Tools\Binn\;C:\Users\1\AppData\Local\Programs\Python\Python311\Scripts;C:\Program Files\dotnet\;C:\Program Files\Git\cmd;C:\Program Files (x86)\Microsoft SQL Server\160\Tools\Binn\;C:\Program Files\Microsoft SQL Server\160\Tools\Binn\;C:\Program Files\Microsoft SQL Server\160\DTS\Binn\;C:\Program Files (x86)\Microsoft SQL Server\160\DTS\Binn\;C:\Users\1\AppData\Local\Microsoft\WindowsApps;;C:\Program Files\Azure Data Studio\bin;D:\ \Microsoft VS Code\bin;C:\Users\1\.dotnet\tools
USERNAME=1
OS=Windows_NT
PROCESSOR_IDENTIFIER=Intel64 Family 6 Model 142 Stepping 12, GenuineIntel
TMP=C:\Users\1\AppData\Local\Temp
TEMP=C:\Users\1\AppData\Local\Temp



---------------  S Y S T E M  ---------------

OS:
 Windows 10 , 64 bit Build 19041 (10.0.19041.3031)
OS uptime: 10 days 15:31 hours

CPU: total 4 (initial active 4) (2 cores per cpu, 2 threads per core) family 6 model 142 stepping 12 microcode 0xde, cx8, cmov, fxsr, ht, mmx, 3dnowpref, sse, sse2, sse3, ssse3, sse4.1, sse4.2, popcnt, lzcnt, tsc, tscinvbit, avx, avx2, aes, erms, clmul, bmi1, bmi2, adx, fma, vzeroupper, clflush, clflushopt

Memory: 4k page, system-wide physical 8025M (439M free)
TotalPageFile size 21191M (AvailPageFile size 3M)
current process WorkingSet (physical memory assigned to process): 162M, peak: 461M
current process commit charge ("private bytes"): 665M, peak: 669M

vm_info: OpenJDK 64-Bit Server VM (17.0.6+0-b2043.56-9586694) for windows-amd64 JRE (17.0.6+0-b2043.56-9586694), built on Feb  9 2023 20:06:20 by "androidbuild" with MS VC++ 16.10 / 16.11 (VS2019)

END.
